  [1m[36mActiveRecord::SchemaMigration Load (0.4ms)[0m  [1m[34mSELECT "schema_migrations".* FROM "schema_migrations"[0m
  [1m[35m (0.3ms)[0m  [1m[34mSELECT "ar_internal_metadata"."value" FROM "ar_internal_metadata" WHERE "ar_internal_metadata"."key" = $1[0m  [["key", :environment]]
  [1m[36mActiveRecord::SchemaMigration Load (0.1ms)[0m  [1m[34mSELECT "schema_migrations".* FROM "schema_migrations"[0m
  [1m[35m (0.1ms)[0m  [1m[34mSELECT "ar_internal_metadata"."value" FROM "ar_internal_metadata" WHERE "ar_internal_metadata"."key" = $1[0m  [["key", :environment]]
  [1m[36mActiveRecord::SchemaMigration Load (0.1ms)[0m  [1m[34mSELECT "schema_migrations".* FROM "schema_migrations"[0m
  [1m[35m (0.1ms)[0m  [1m[34mSELECT "ar_internal_metadata"."value" FROM "ar_internal_metadata" WHERE "ar_internal_metadata"."key" = $1[0m  [["key", :environment]]
  [1m[35m (180.7ms)[0m  [1m[35mDROP DATABASE IF EXISTS "bog_app_development"[0m
  [1m[35m (180.3ms)[0m  [1m[35mDROP DATABASE IF EXISTS "bog_app_test"[0m
  [1m[35m (4.6ms)[0m  [1m[35mCREATE TABLE "schema_migrations" ("version" character varying PRIMARY KEY)[0m
  [1m[35m (1.9ms)[0m  [1m[35mCREATE TABLE "ar_internal_metadata" ("key" character varying PRIMARY KEY, "value" character varying, "created_at" timestamp NOT NULL, "updated_at" timestamp NOT NULL)[0m
  [1m[35m (0.2ms)[0m  [1m[34mSELECT pg_try_advisory_lock(4948178590284160560);[0m
  [1m[36mActiveRecord::SchemaMigration Load (0.3ms)[0m  [1m[34mSELECT "schema_migrations".* FROM "schema_migrations"[0m
Migrating to CreateCreatures (20161219051151)
  [1m[35m (0.1ms)[0m  [1m[35mBEGIN[0m
  [1m[35m (2.3ms)[0m  [1m[35mCREATE TABLE "creatures" ("id" serial primary key, "name" character varying, "description" character varying, "created_at" timestamp NOT NULL, "updated_at" timestamp NOT NULL)[0m
  [1m[35mSQL (0.4ms)[0m  [1m[32mINSERT INTO "schema_migrations" ("version") VALUES ($1) RETURNING "version"[0m  [["version", "20161219051151"]]
  [1m[35m (0.3ms)[0m  [1m[35mCOMMIT[0m
  [1m[36mActiveRecord::InternalMetadata Load (0.3ms)[0m  [1m[34mSELECT  "ar_internal_metadata".* FROM "ar_internal_metadata" WHERE "ar_internal_metadata"."key" = $1 LIMIT $2[0m  [["key", :environment], ["LIMIT", 1]]
  [1m[35m (0.1ms)[0m  [1m[35mBEGIN[0m
  [1m[35mSQL (0.3ms)[0m  [1m[32mINSERT INTO "ar_internal_metadata" ("key", "value", "created_at", "updated_at") VALUES ($1, $2, $3, $4) RETURNING "key"[0m  [["key", "environment"], ["value", "development"], ["created_at", 2016-12-19 05:16:02 UTC], ["updated_at", 2016-12-19 05:16:02 UTC]]
  [1m[35m (0.2ms)[0m  [1m[35mCOMMIT[0m
  [1m[35m (0.2ms)[0m  [1m[34mSELECT pg_advisory_unlock(4948178590284160560)[0m
  [1m[36mActiveRecord::SchemaMigration Load (0.3ms)[0m  [1m[34mSELECT "schema_migrations".* FROM "schema_migrations"[0m
  [1m[35m (4.8ms)[0m  [1m[34mSELECT t2.oid::regclass::text AS to_table, a1.attname AS column, a2.attname AS primary_key, c.conname AS name, c.confupdtype AS on_update, c.confdeltype AS on_delete
FROM pg_constraint c
JOIN pg_class t1 ON c.conrelid = t1.oid
JOIN pg_class t2 ON c.confrelid = t2.oid
JOIN pg_attribute a1 ON a1.attnum = c.conkey[1] AND a1.attrelid = t1.oid
JOIN pg_attribute a2 ON a2.attnum = c.confkey[1] AND a2.attrelid = t2.oid
JOIN pg_namespace t3 ON c.connamespace = t3.oid
WHERE c.contype = 'f'
  AND t1.relname = 'creatures'
  AND t3.nspname = ANY (current_schemas(false))
ORDER BY c.conname
[0m
  [1m[36mActiveRecord::SchemaMigration Load (0.4ms)[0m  [1m[34mSELECT "schema_migrations".* FROM "schema_migrations"[0m
  [1m[35mSQL (0.4ms)[0m  [1m[31mDELETE FROM "creatures"[0m
  [1m[35m (0.1ms)[0m  [1m[35mBEGIN[0m
  [1m[35mSQL (0.5ms)[0m  [1m[32mINSERT INTO "creatures" ("name", "description", "created_at", "updated_at") VALUES ($1, $2, $3, $4) RETURNING "id"[0m  [["name", "Yoda"], ["description", "Little green man"], ["created_at", 2016-12-19 05:16:10 UTC], ["updated_at", 2016-12-19 05:16:10 UTC]]
  [1m[35m (1.4ms)[0m  [1m[35mCOMMIT[0m
  [1m[35m (0.1ms)[0m  [1m[35mBEGIN[0m
  [1m[35mSQL (0.2ms)[0m  [1m[32mINSERT INTO "creatures" ("name", "description", "created_at", "updated_at") VALUES ($1, $2, $3, $4) RETURNING "id"[0m  [["name", "Luke"], ["description", "Jedi"], ["created_at", 2016-12-19 05:16:10 UTC], ["updated_at", 2016-12-19 05:16:10 UTC]]
  [1m[35m (0.3ms)[0m  [1m[35mCOMMIT[0m
  [1m[35m (0.1ms)[0m  [1m[35mBEGIN[0m
  [1m[35mSQL (0.2ms)[0m  [1m[32mINSERT INTO "creatures" ("name", "description", "created_at", "updated_at") VALUES ($1, $2, $3, $4) RETURNING "id"[0m  [["name", "Darth Vader"], ["description", "Father of Luke"], ["created_at", 2016-12-19 05:16:10 UTC], ["updated_at", 2016-12-19 05:16:10 UTC]]
  [1m[35m (0.3ms)[0m  [1m[35mCOMMIT[0m
Started GET "/" for ::1 at 2016-12-18 21:17:49 -0800
Started GET "/" for ::1 at 2016-12-18 21:17:50 -0800
  [1m[36mActiveRecord::SchemaMigration Load (0.5ms)[0m  [1m[34mSELECT "schema_migrations".* FROM "schema_migrations"[0m
  [1m[36mActiveRecord::SchemaMigration Load (1.4ms)[0m  [1m[34mSELECT "schema_migrations".* FROM "schema_migrations"[0m
Processing by CreaturesController#index as HTML
Processing by CreaturesController#index as HTML
  Rendering creatures/index.html.erb within layouts/application
  Rendering creatures/index.html.erb within layouts/application
  [1m[36mCreature Load (0.7ms)[0m  [1m[34mSELECT "creatures".* FROM "creatures"[0m
  [1m[36mCreature Load (0.7ms)[0m  [1m[34mSELECT "creatures".* FROM "creatures"[0m
  Rendered creatures/index.html.erb within layouts/application (10.1ms)
  Rendered creatures/index.html.erb within layouts/application (128.3ms)
Completed 200 OK in 889ms (Views: 875.8ms | ActiveRecord: 3.8ms)


Completed 200 OK in 929ms (Views: 789.0ms | ActiveRecord: 126.7ms)


Started GET "/" for ::1 at 2016-12-18 21:18:48 -0800
Processing by CreaturesController#index as HTML
  Rendering creatures/index.html.erb within layouts/application
  [1m[36mCreature Load (0.2ms)[0m  [1m[34mSELECT "creatures".* FROM "creatures"[0m
  Rendered creatures/index.html.erb within layouts/application (1.6ms)
Completed 200 OK in 32ms (Views: 29.5ms | ActiveRecord: 0.2ms)


Started GET "/" for ::1 at 2016-12-18 21:19:03 -0800
Processing by CreaturesController#index as HTML
  Rendering creatures/index.html.erb within layouts/application
  [1m[36mCreature Load (0.2ms)[0m  [1m[34mSELECT "creatures".* FROM "creatures"[0m
  Rendered creatures/index.html.erb within layouts/application (1.4ms)
Completed 200 OK in 28ms (Views: 25.4ms | ActiveRecord: 0.2ms)


Started GET "/creatures/new" for ::1 at 2016-12-18 21:21:35 -0800
Processing by CreaturesController#new as HTML
  Rendering creatures/new.html.erb within layouts/application
  Rendered creatures/new.html.erb within layouts/application (6.5ms)
Completed 200 OK in 35ms (Views: 28.1ms | ActiveRecord: 0.0ms)


Started POST "/creatures" for ::1 at 2016-12-18 21:23:55 -0800
Processing by CreaturesController#create as HTML
  Parameters: {"utf8"=>"✓", "authenticity_token"=>"4C2FAr0Le7DhjNxgAdGXT0CY7hhK/IXyLl43gAxs2xsE27MHAgvEd0p8gOeFXzlmVhd3eGxOoIOKIlIsyVa+Cg==", "creature"=>{"name"=>"Dan", "description"=>"Italian"}, "commit"=>"Save creature"}
  [1m[35m (0.2ms)[0m  [1m[35mBEGIN[0m
  [1m[35mSQL (0.4ms)[0m  [1m[32mINSERT INTO "creatures" ("name", "description", "created_at", "updated_at") VALUES ($1, $2, $3, $4) RETURNING "id"[0m  [["name", "Dan"], ["description", "Italian"], ["created_at", 2016-12-19 05:23:55 UTC], ["updated_at", 2016-12-19 05:23:55 UTC]]
  [1m[35m (1.5ms)[0m  [1m[35mCOMMIT[0m
Redirected to http://localhost:3000/creatures
Completed 302 Found in 16ms (ActiveRecord: 2.1ms)


Started GET "/creatures" for ::1 at 2016-12-18 21:23:55 -0800
Processing by CreaturesController#index as HTML
  Rendering creatures/index.html.erb within layouts/application
  [1m[36mCreature Load (0.2ms)[0m  [1m[34mSELECT "creatures".* FROM "creatures"[0m
  Rendered creatures/index.html.erb within layouts/application (2.5ms)
Completed 200 OK in 39ms (Views: 36.2ms | ActiveRecord: 0.2ms)


Started GET "/creatures/1" for ::1 at 2016-12-18 21:26:11 -0800
Processing by CreaturesController#show as HTML
  Parameters: {"id"=>"1"}
  [1m[36mCreature Load (0.2ms)[0m  [1m[34mSELECT  "creatures".* FROM "creatures" WHERE "creatures"."id" = $1 LIMIT $2[0m  [["id", 1], ["LIMIT", 1]]
  Rendering creatures/show.html.erb within layouts/application
  Rendered creatures/show.html.erb within layouts/application (0.3ms)
Completed 200 OK in 44ms (Views: 28.7ms | ActiveRecord: 2.5ms)


Started GET "/creatures/1" for ::1 at 2016-12-18 21:26:33 -0800
Processing by CreaturesController#show as HTML
  Parameters: {"id"=>"1"}
  [1m[36mCreature Load (0.2ms)[0m  [1m[34mSELECT  "creatures".* FROM "creatures" WHERE "creatures"."id" = $1 LIMIT $2[0m  [["id", 1], ["LIMIT", 1]]
  Rendering creatures/show.html.erb within layouts/application
  Rendered creatures/show.html.erb within layouts/application (0.5ms)
Completed 200 OK in 22ms (Views: 18.7ms | ActiveRecord: 0.4ms)


Started GET "/" for ::1 at 2016-12-18 21:26:55 -0800
Processing by CreaturesController#index as HTML
  Rendering creatures/index.html.erb within layouts/application
  [1m[36mCreature Load (0.3ms)[0m  [1m[34mSELECT "creatures".* FROM "creatures"[0m
  Rendered creatures/index.html.erb within layouts/application (1.7ms)
Completed 200 OK in 25ms (Views: 22.1ms | ActiveRecord: 0.3ms)


Started GET "/creatures/new" for ::1 at 2016-12-18 21:29:03 -0800
Processing by CreaturesController#new as HTML
  Rendering creatures/new.html.erb within layouts/application
  Rendered creatures/new.html.erb within layouts/application (1.3ms)
Completed 200 OK in 30ms (Views: 19.0ms | ActiveRecord: 0.0ms)


Started GET "/creatures/1/edit" for ::1 at 2016-12-18 21:29:05 -0800
  
ActionController::RoutingError (No route matches [GET] "/creatures/1/edit"):
  
actionpack (5.0.0.1) lib/action_dispatch/middleware/debug_exceptions.rb:53:in `call'
web-console (3.4.0) lib/web_console/middleware.rb:135:in `call_app'
web-console (3.4.0) lib/web_console/middleware.rb:28:in `block in call'
web-console (3.4.0) lib/web_console/middleware.rb:18:in `catch'
web-console (3.4.0) lib/web_console/middleware.rb:18:in `call'
actionpack (5.0.0.1) lib/action_dispatch/middleware/show_exceptions.rb:31:in `call'
railties (5.0.0.1) lib/rails/rack/logger.rb:36:in `call_app'
railties (5.0.0.1) lib/rails/rack/logger.rb:24:in `block in call'
activesupport (5.0.0.1) lib/active_support/tagged_logging.rb:70:in `block in tagged'
activesupport (5.0.0.1) lib/active_support/tagged_logging.rb:26:in `tagged'
activesupport (5.0.0.1) lib/active_support/tagged_logging.rb:70:in `tagged'
railties (5.0.0.1) lib/rails/rack/logger.rb:24:in `call'
sprockets-rails (3.2.0) lib/sprockets/rails/quiet_assets.rb:13:in `call'
actionpack (5.0.0.1) lib/action_dispatch/middleware/request_id.rb:24:in `call'
rack (2.0.1) lib/rack/method_override.rb:22:in `call'
rack (2.0.1) lib/rack/runtime.rb:22:in `call'
activesupport (5.0.0.1) lib/active_support/cache/strategy/local_cache_middleware.rb:28:in `call'
actionpack (5.0.0.1) lib/action_dispatch/middleware/executor.rb:12:in `call'
actionpack (5.0.0.1) lib/action_dispatch/middleware/static.rb:136:in `call'
rack (2.0.1) lib/rack/sendfile.rb:111:in `call'
railties (5.0.0.1) lib/rails/engine.rb:522:in `call'
puma (3.6.2) lib/puma/configuration.rb:225:in `call'
puma (3.6.2) lib/puma/server.rb:578:in `handle_request'
puma (3.6.2) lib/puma/server.rb:415:in `process_client'
puma (3.6.2) lib/puma/server.rb:275:in `block in run'
puma (3.6.2) lib/puma/thread_pool.rb:116:in `block in spawn_thread'
  Rendering /Users/vladyslavkuliani/.rvm/gems/ruby-2.3.0/gems/actionpack-5.0.0.1/lib/action_dispatch/middleware/templates/rescues/routing_error.html.erb within rescues/layout
  Rendering /Users/vladyslavkuliani/.rvm/gems/ruby-2.3.0/gems/actionpack-5.0.0.1/lib/action_dispatch/middleware/templates/rescues/_trace.html.erb
  Rendered /Users/vladyslavkuliani/.rvm/gems/ruby-2.3.0/gems/actionpack-5.0.0.1/lib/action_dispatch/middleware/templates/rescues/_trace.html.erb (1.2ms)
  Rendered collection of /Users/vladyslavkuliani/.rvm/gems/ruby-2.3.0/gems/actionpack-5.0.0.1/lib/action_dispatch/middleware/templates/routes/_route.html.erb [6 times] (2.5ms)
  Rendered /Users/vladyslavkuliani/.rvm/gems/ruby-2.3.0/gems/actionpack-5.0.0.1/lib/action_dispatch/middleware/templates/routes/_table.html.erb (1.9ms)
  Rendering /Users/vladyslavkuliani/.rvm/gems/ruby-2.3.0/gems/actionpack-5.0.0.1/lib/action_dispatch/middleware/templates/rescues/_request_and_response.html.erb
  Rendered /Users/vladyslavkuliani/.rvm/gems/ruby-2.3.0/gems/actionpack-5.0.0.1/lib/action_dispatch/middleware/templates/rescues/_request_and_response.html.erb (1.0ms)
  Rendered /Users/vladyslavkuliani/.rvm/gems/ruby-2.3.0/gems/actionpack-5.0.0.1/lib/action_dispatch/middleware/templates/rescues/routing_error.html.erb within rescues/layout (78.3ms)
Started GET "/creatures/1/edit" for ::1 at 2016-12-18 21:29:21 -0800
Processing by CreaturesController#edit as HTML
  Parameters: {"id"=>"1"}
  [1m[36mCreature Load (0.2ms)[0m  [1m[34mSELECT  "creatures".* FROM "creatures" WHERE "creatures"."id" = $1 LIMIT $2[0m  [["id", 1], ["LIMIT", 1]]
  Rendering creatures/edit.html.erb within layouts/application
  Rendered creatures/edit.html.erb within layouts/application (1.6ms)
Completed 200 OK in 29ms (Views: 18.7ms | ActiveRecord: 2.3ms)


Started PATCH "/creatures/1" for ::1 at 2016-12-18 21:31:03 -0800
Processing by CreaturesController#update as HTML
  Parameters: {"utf8"=>"✓", "authenticity_token"=>"SpJzxFxmr8NyIJV7ggC05onfdpFpSjWREyWKm4QP87yuZEXB42YQBNnQyfwGjhrPn1Dv8U/4EOC3We83QTWWrQ==", "creature"=>{"name"=>"Yolo", "description"=>"Little green man"}, "commit"=>"Save creature", "id"=>"1"}
  [1m[36mCreature Load (0.5ms)[0m  [1m[34mSELECT  "creatures".* FROM "creatures" WHERE "creatures"."id" = $1 LIMIT $2[0m  [["id", 1], ["LIMIT", 1]]
  [1m[35m (0.1ms)[0m  [1m[35mBEGIN[0m
  [1m[35mSQL (0.9ms)[0m  [1m[33mUPDATE "creatures" SET "name" = $1, "updated_at" = $2 WHERE "creatures"."id" = $3[0m  [["name", "Yolo"], ["updated_at", 2016-12-19 05:31:03 UTC], ["id", 1]]
  [1m[35m (1.3ms)[0m  [1m[35mCOMMIT[0m
Redirected to http://localhost:3000/creatures/1
Completed 302 Found in 15ms (ActiveRecord: 2.9ms)


Started GET "/creatures/1" for ::1 at 2016-12-18 21:31:03 -0800
Processing by CreaturesController#show as HTML
  Parameters: {"id"=>"1"}
  [1m[36mCreature Load (0.2ms)[0m  [1m[34mSELECT  "creatures".* FROM "creatures" WHERE "creatures"."id" = $1 LIMIT $2[0m  [["id", 1], ["LIMIT", 1]]
  Rendering creatures/show.html.erb within layouts/application
  Rendered creatures/show.html.erb within layouts/application (0.6ms)
Completed 200 OK in 23ms (Views: 20.8ms | ActiveRecord: 0.2ms)


Started GET "/" for ::1 at 2016-12-18 21:31:06 -0800
Processing by CreaturesController#index as HTML
  Rendering creatures/index.html.erb within layouts/application
  [1m[36mCreature Load (0.3ms)[0m  [1m[34mSELECT "creatures".* FROM "creatures"[0m
  Rendered creatures/index.html.erb within layouts/application (1.7ms)
Started GET "/" for ::1 at 2016-12-18 21:31:06 -0800
Processing by CreaturesController#index as HTML
  Rendering creatures/index.html.erb within layouts/application
  [1m[36mCreature Load (1.6ms)[0m  [1m[34mSELECT "creatures".* FROM "creatures"[0m
  Rendered creatures/index.html.erb within layouts/application (3.8ms)
Completed 200 OK in 57ms (Views: 53.9ms | ActiveRecord: 0.3ms)


Completed 200 OK in 29ms (Views: 24.9ms | ActiveRecord: 1.6ms)


Started GET "/creatures/new" for ::1 at 2016-12-18 21:31:12 -0800
Processing by CreaturesController#new as HTML
  Rendering creatures/new.html.erb within layouts/application
  Rendered creatures/new.html.erb within layouts/application (2.6ms)
Completed 200 OK in 33ms (Views: 29.7ms | ActiveRecord: 0.0ms)


Started GET "/creatures/1/edit" for ::1 at 2016-12-18 21:31:13 -0800
Processing by CreaturesController#edit as HTML
  Parameters: {"id"=>"1"}
  [1m[36mCreature Load (0.3ms)[0m  [1m[34mSELECT  "creatures".* FROM "creatures" WHERE "creatures"."id" = $1 LIMIT $2[0m  [["id", 1], ["LIMIT", 1]]
  Rendering creatures/edit.html.erb within layouts/application
  Rendered creatures/edit.html.erb within layouts/application (1.1ms)
Completed 200 OK in 22ms (Views: 19.0ms | ActiveRecord: 0.3ms)


Started PATCH "/creatures/1" for ::1 at 2016-12-18 21:31:17 -0800
Processing by CreaturesController#update as HTML
  Parameters: {"utf8"=>"✓", "authenticity_token"=>"2Jr4BDR1GQAGqlYyANE+iWqrS34OZWhoHIMDY1wqJXg8bM4Bi3Wmx61aCrWEX5CgfCTSHijXTRm4/2bPmRBAaQ==", "creature"=>{"name"=>"Yoda", "description"=>"Little green man"}, "commit"=>"Save creature", "id"=>"1"}
  [1m[36mCreature Load (0.2ms)[0m  [1m[34mSELECT  "creatures".* FROM "creatures" WHERE "creatures"."id" = $1 LIMIT $2[0m  [["id", 1], ["LIMIT", 1]]
  [1m[35m (0.1ms)[0m  [1m[35mBEGIN[0m
  [1m[35mSQL (0.3ms)[0m  [1m[33mUPDATE "creatures" SET "name" = $1, "updated_at" = $2 WHERE "creatures"."id" = $3[0m  [["name", "Yoda"], ["updated_at", 2016-12-19 05:31:17 UTC], ["id", 1]]
  [1m[35m (6.1ms)[0m  [1m[35mCOMMIT[0m
Redirected to http://localhost:3000/creatures/1
Completed 302 Found in 11ms (ActiveRecord: 6.7ms)


Started GET "/creatures/1" for ::1 at 2016-12-18 21:31:17 -0800
Processing by CreaturesController#show as HTML
  Parameters: {"id"=>"1"}
  [1m[36mCreature Load (0.3ms)[0m  [1m[34mSELECT  "creatures".* FROM "creatures" WHERE "creatures"."id" = $1 LIMIT $2[0m  [["id", 1], ["LIMIT", 1]]
  Rendering creatures/show.html.erb within layouts/application
  Rendered creatures/show.html.erb within layouts/application (0.4ms)
Completed 200 OK in 26ms (Views: 23.3ms | ActiveRecord: 0.3ms)


Started GET "/" for ::1 at 2016-12-18 21:31:22 -0800
Processing by CreaturesController#index as HTML
  Rendering creatures/index.html.erb within layouts/application
  [1m[36mCreature Load (0.4ms)[0m  [1m[34mSELECT "creatures".* FROM "creatures"[0m
  Rendered creatures/index.html.erb within layouts/application (1.9ms)
Completed 200 OK in 35ms (Views: 30.2ms | ActiveRecord: 0.4ms)


Started GET "/" for ::1 at 2016-12-18 21:31:22 -0800
Processing by CreaturesController#index as HTML
  Rendering creatures/index.html.erb within layouts/application
  [1m[36mCreature Load (0.3ms)[0m  [1m[34mSELECT "creatures".* FROM "creatures"[0m
  Rendered creatures/index.html.erb within layouts/application (1.3ms)
Completed 200 OK in 25ms (Views: 23.2ms | ActiveRecord: 0.3ms)


Started GET "/" for ::1 at 2016-12-18 21:33:15 -0800
Processing by CreaturesController#index as HTML
  Rendering creatures/index.html.erb within layouts/application
  [1m[36mCreature Load (0.2ms)[0m  [1m[34mSELECT "creatures".* FROM "creatures"[0m
  Rendered creatures/index.html.erb within layouts/application (67.5ms)
Completed 500 Internal Server Error in 74ms (ActiveRecord: 2.2ms)


  
ActionView::Template::Error (undefined method `butto_to' for #<#<Class:0x007f91bd43d518>:0x007f91bd43c320>
Did you mean?  button_to):
    2: <p>
    3:   <strong>Name:</strong><%=c.name%><br>
    4:   <strong>Description:</strong><%=c.description%>
    5:   <%=butto_to "Delete", c, method: :delete%>
    6: </p>
    7: <%end%>
  
app/views/creatures/index.html.erb:5:in `block in _app_views_creatures_index_html_erb__429800005951808604_70131961163500'
app/views/creatures/index.html.erb:1:in `_app_views_creatures_index_html_erb__429800005951808604_70131961163500'
  Rendering /Users/vladyslavkuliani/.rvm/gems/ruby-2.3.0/gems/actionpack-5.0.0.1/lib/action_dispatch/middleware/templates/rescues/template_error.html.erb within rescues/layout
  Rendering /Users/vladyslavkuliani/.rvm/gems/ruby-2.3.0/gems/actionpack-5.0.0.1/lib/action_dispatch/middleware/templates/rescues/_source.html.erb
  Rendered /Users/vladyslavkuliani/.rvm/gems/ruby-2.3.0/gems/actionpack-5.0.0.1/lib/action_dispatch/middleware/templates/rescues/_source.html.erb (3.9ms)
  Rendering /Users/vladyslavkuliani/.rvm/gems/ruby-2.3.0/gems/actionpack-5.0.0.1/lib/action_dispatch/middleware/templates/rescues/_trace.html.erb
  Rendered /Users/vladyslavkuliani/.rvm/gems/ruby-2.3.0/gems/actionpack-5.0.0.1/lib/action_dispatch/middleware/templates/rescues/_trace.html.erb (1.9ms)
  Rendering /Users/vladyslavkuliani/.rvm/gems/ruby-2.3.0/gems/actionpack-5.0.0.1/lib/action_dispatch/middleware/templates/rescues/_request_and_response.html.erb
  Rendered /Users/vladyslavkuliani/.rvm/gems/ruby-2.3.0/gems/actionpack-5.0.0.1/lib/action_dispatch/middleware/templates/rescues/_request_and_response.html.erb (0.8ms)
  Rendered /Users/vladyslavkuliani/.rvm/gems/ruby-2.3.0/gems/actionpack-5.0.0.1/lib/action_dispatch/middleware/templates/rescues/template_error.html.erb within rescues/layout (60.5ms)
Started GET "/" for ::1 at 2016-12-18 21:33:25 -0800
Processing by CreaturesController#index as HTML
  Rendering creatures/index.html.erb within layouts/application
  [1m[36mCreature Load (0.3ms)[0m  [1m[34mSELECT "creatures".* FROM "creatures"[0m
  Rendered creatures/index.html.erb within layouts/application (3.0ms)
Completed 200 OK in 23ms (Views: 20.2ms | ActiveRecord: 0.3ms)


Started DELETE "/creatures/4" for ::1 at 2016-12-18 21:33:28 -0800
Processing by CreaturesController#destroy as HTML
  Parameters: {"authenticity_token"=>"mpnISeGFqkIk2smEowP5qv6kdITJwfGUqGaJI4cF+U9+b/5MXoUVhY8qlQMnjVeD6Cvt5O9z1OUMGuyPQj+cXg==", "id"=>"4"}
  [1m[36mCreature Load (0.2ms)[0m  [1m[34mSELECT  "creatures".* FROM "creatures" WHERE "creatures"."id" = $1 LIMIT $2[0m  [["id", 4], ["LIMIT", 1]]
  [1m[35m (0.1ms)[0m  [1m[35mBEGIN[0m
  [1m[35mSQL (0.5ms)[0m  [1m[31mDELETE FROM "creatures" WHERE "creatures"."id" = $1[0m  [["id", 4]]
  [1m[35m (1.3ms)[0m  [1m[35mCOMMIT[0m
Redirected to http://localhost:3000/creatures
Completed 302 Found in 7ms (ActiveRecord: 2.1ms)


Started GET "/creatures" for ::1 at 2016-12-18 21:33:28 -0800
Processing by CreaturesController#index as HTML
  Rendering creatures/index.html.erb within layouts/application
  [1m[36mCreature Load (0.4ms)[0m  [1m[34mSELECT "creatures".* FROM "creatures"[0m
  Rendered creatures/index.html.erb within layouts/application (3.7ms)
Completed 200 OK in 24ms (Views: 21.3ms | ActiveRecord: 0.4ms)


Started GET "/" for ::1 at 2016-12-18 22:15:49 -0800
Processing by CreaturesController#index as HTML
Started GET "/" for ::1 at 2016-12-18 22:15:49 -0800
Processing by CreaturesController#index as HTML
  Rendering creatures/index.html.erb within layouts/application
  Rendering creatures/index.html.erb within layouts/application
  [1m[36mCreature Load (0.8ms)[0m  [1m[34mSELECT "creatures".* FROM "creatures"[0m
  Rendered creatures/index.html.erb within layouts/application (14.7ms)
  [1m[36mCreature Load (6.9ms)[0m  [1m[34mSELECT "creatures".* FROM "creatures"[0m
  Rendered creatures/index.html.erb within layouts/application (14.8ms)
Completed 200 OK in 77ms (Views: 72.4ms | ActiveRecord: 0.8ms)


Completed 200 OK in 104ms (Views: 82.3ms | ActiveRecord: 6.9ms)


Started GET "/" for ::1 at 2016-12-18 22:18:56 -0800
Processing by CreaturesController#index as HTML
  Rendering creatures/index.html.erb within layouts/application
  [1m[36mCreature Load (0.2ms)[0m  [1m[34mSELECT "creatures".* FROM "creatures"[0m
  Rendered creatures/index.html.erb within layouts/application (2.2ms)
Completed 200 OK in 52ms (Views: 49.9ms | ActiveRecord: 0.2ms)


Started GET "/" for ::1 at 2016-12-18 22:19:14 -0800
Processing by CreaturesController#index as HTML
  Rendering creatures/index.html.erb within layouts/application
  [1m[36mCreature Load (0.3ms)[0m  [1m[34mSELECT "creatures".* FROM "creatures"[0m
  Rendered creatures/index.html.erb within layouts/application (2.7ms)
Completed 200 OK in 51ms (Views: 48.8ms | ActiveRecord: 0.3ms)


Started GET "/" for ::1 at 2016-12-18 22:19:15 -0800
Processing by CreaturesController#index as HTML
  Rendering creatures/index.html.erb within layouts/application
  [1m[36mCreature Load (0.4ms)[0m  [1m[34mSELECT "creatures".* FROM "creatures"[0m
  Rendered creatures/index.html.erb within layouts/application (3.4ms)
Completed 200 OK in 33ms (Views: 30.3ms | ActiveRecord: 0.4ms)


Started GET "/" for ::1 at 2016-12-18 22:19:22 -0800
Processing by CreaturesController#index as HTML
  Rendering creatures/index.html.erb within layouts/application
  [1m[36mCreature Load (0.3ms)[0m  [1m[34mSELECT "creatures".* FROM "creatures"[0m
  Rendered creatures/index.html.erb within layouts/application (2.9ms)
Completed 200 OK in 52ms (Views: 49.5ms | ActiveRecord: 0.3ms)


Started GET "/" for ::1 at 2016-12-18 22:22:00 -0800
Processing by CreaturesController#index as HTML
  Rendering creatures/index.html.erb within layouts/application
  [1m[36mCreature Load (0.3ms)[0m  [1m[34mSELECT "creatures".* FROM "creatures"[0m
  Rendered creatures/index.html.erb within layouts/application (2.1ms)
Completed 200 OK in 44ms (Views: 41.8ms | ActiveRecord: 0.3ms)


Started GET "/" for ::1 at 2016-12-18 22:22:42 -0800
Processing by CreaturesController#index as HTML
  Rendering creatures/index.html.erb within layouts/application
  [1m[36mCreature Load (0.3ms)[0m  [1m[34mSELECT "creatures".* FROM "creatures"[0m
  Rendered creatures/index.html.erb within layouts/application (2.0ms)
Completed 200 OK in 39ms (Views: 36.8ms | ActiveRecord: 0.3ms)


Started GET "/" for ::1 at 2016-12-18 22:25:00 -0800
Processing by CreaturesController#index as HTML
  Rendering creatures/index.html.erb within layouts/application
  [1m[36mCreature Load (0.2ms)[0m  [1m[34mSELECT "creatures".* FROM "creatures"[0m
  Rendered creatures/index.html.erb within layouts/application (2.0ms)
Completed 200 OK in 24ms (Views: 21.5ms | ActiveRecord: 0.2ms)


Started GET "/" for ::1 at 2016-12-18 22:26:13 -0800
Processing by CreaturesController#index as HTML
  Rendering creatures/index.html.erb within layouts/application
  [1m[36mCreature Load (0.3ms)[0m  [1m[34mSELECT "creatures".* FROM "creatures"[0m
  Rendered creatures/index.html.erb within layouts/application (2.1ms)
Completed 200 OK in 37ms (Views: 34.6ms | ActiveRecord: 0.3ms)


Started GET "/" for ::1 at 2016-12-18 22:26:40 -0800
Processing by CreaturesController#index as HTML
  Rendering creatures/index.html.erb within layouts/application
  [1m[36mCreature Load (0.2ms)[0m  [1m[34mSELECT "creatures".* FROM "creatures"[0m
  Rendered creatures/index.html.erb within layouts/application (2.1ms)
Completed 200 OK in 39ms (Views: 37.2ms | ActiveRecord: 0.2ms)


Started GET "/" for ::1 at 2016-12-18 22:26:41 -0800
Processing by CreaturesController#index as HTML
  Rendering creatures/index.html.erb within layouts/application
  [1m[36mCreature Load (0.2ms)[0m  [1m[34mSELECT "creatures".* FROM "creatures"[0m
  Rendered creatures/index.html.erb within layouts/application (2.0ms)
Completed 200 OK in 31ms (Views: 28.4ms | ActiveRecord: 0.2ms)


Started GET "/" for ::1 at 2016-12-18 22:27:36 -0800
Processing by CreaturesController#index as HTML
  Rendering creatures/index.html.erb within layouts/application
  [1m[36mCreature Load (0.2ms)[0m  [1m[34mSELECT "creatures".* FROM "creatures"[0m
  Rendered creatures/index.html.erb within layouts/application (2.4ms)
Completed 200 OK in 39ms (Views: 37.4ms | ActiveRecord: 0.2ms)


Started GET "/" for ::1 at 2016-12-18 22:27:37 -0800
Processing by CreaturesController#index as HTML
  Rendering creatures/index.html.erb within layouts/application
  [1m[36mCreature Load (0.3ms)[0m  [1m[34mSELECT "creatures".* FROM "creatures"[0m
  Rendered creatures/index.html.erb within layouts/application (2.3ms)
Completed 200 OK in 24ms (Views: 21.2ms | ActiveRecord: 0.3ms)


Started GET "/" for ::1 at 2016-12-18 22:28:07 -0800
Processing by CreaturesController#index as HTML
  Rendering creatures/index.html.erb within layouts/application
  [1m[36mCreature Load (0.2ms)[0m  [1m[34mSELECT "creatures".* FROM "creatures"[0m
  Rendered creatures/index.html.erb within layouts/application (2.0ms)
Completed 200 OK in 40ms (Views: 37.9ms | ActiveRecord: 0.2ms)


Started GET "/" for ::1 at 2016-12-18 22:28:31 -0800
Processing by CreaturesController#index as HTML
  Rendering creatures/index.html.erb within layouts/application
  [1m[36mCreature Load (0.2ms)[0m  [1m[34mSELECT "creatures".* FROM "creatures"[0m
  Rendered creatures/index.html.erb within layouts/application (2.1ms)
Completed 200 OK in 39ms (Views: 37.5ms | ActiveRecord: 0.2ms)


Started GET "/" for ::1 at 2016-12-18 22:28:36 -0800
Processing by CreaturesController#index as HTML
  Rendering creatures/index.html.erb within layouts/application
  [1m[36mCreature Load (0.2ms)[0m  [1m[34mSELECT "creatures".* FROM "creatures"[0m
  Rendered creatures/index.html.erb within layouts/application (2.1ms)
Completed 200 OK in 39ms (Views: 36.7ms | ActiveRecord: 0.2ms)


Started GET "/" for ::1 at 2016-12-18 22:28:43 -0800
Processing by CreaturesController#index as HTML
  Rendering creatures/index.html.erb within layouts/application
  [1m[36mCreature Load (0.2ms)[0m  [1m[34mSELECT "creatures".* FROM "creatures"[0m
  Rendered creatures/index.html.erb within layouts/application (1.9ms)
Completed 200 OK in 42ms (Views: 40.3ms | ActiveRecord: 0.2ms)


Started GET "/" for ::1 at 2016-12-18 22:30:21 -0800
Processing by CreaturesController#index as HTML
  Rendering creatures/index.html.erb within layouts/application
  [1m[36mCreature Load (0.2ms)[0m  [1m[34mSELECT "creatures".* FROM "creatures"[0m
  Rendered creatures/index.html.erb within layouts/application (2.0ms)
Completed 200 OK in 37ms (Views: 35.1ms | ActiveRecord: 0.2ms)


Started GET "/" for ::1 at 2016-12-18 22:30:39 -0800
Processing by CreaturesController#index as HTML
  Rendering creatures/index.html.erb within layouts/application
  [1m[36mCreature Load (0.2ms)[0m  [1m[34mSELECT "creatures".* FROM "creatures"[0m
  Rendered creatures/index.html.erb within layouts/application (2.1ms)
Completed 200 OK in 40ms (Views: 38.2ms | ActiveRecord: 0.2ms)


Started GET "/" for ::1 at 2016-12-18 22:30:48 -0800
Processing by CreaturesController#index as HTML
  Rendering creatures/index.html.erb within layouts/application
  [1m[36mCreature Load (0.2ms)[0m  [1m[34mSELECT "creatures".* FROM "creatures"[0m
  Rendered creatures/index.html.erb within layouts/application (1.9ms)
Completed 200 OK in 37ms (Views: 34.6ms | ActiveRecord: 0.2ms)


Started GET "/" for ::1 at 2016-12-18 22:30:59 -0800
Processing by CreaturesController#index as HTML
  Rendering creatures/index.html.erb within layouts/application
  [1m[36mCreature Load (0.2ms)[0m  [1m[34mSELECT "creatures".* FROM "creatures"[0m
  Rendered creatures/index.html.erb within layouts/application (1.9ms)
Completed 200 OK in 37ms (Views: 34.7ms | ActiveRecord: 0.2ms)


Started GET "/" for ::1 at 2016-12-18 22:31:35 -0800
Processing by CreaturesController#index as HTML
  Rendering creatures/index.html.erb within layouts/application
  [1m[36mCreature Load (0.2ms)[0m  [1m[34mSELECT "creatures".* FROM "creatures"[0m
  Rendered creatures/index.html.erb within layouts/application (2.7ms)
Completed 200 OK in 26ms (Views: 23.6ms | ActiveRecord: 0.2ms)


Started GET "/" for ::1 at 2016-12-18 22:32:09 -0800
Processing by CreaturesController#index as HTML
  Rendering creatures/index.html.erb within layouts/application
  [1m[36mCreature Load (0.2ms)[0m  [1m[34mSELECT "creatures".* FROM "creatures"[0m
  Rendered creatures/index.html.erb within layouts/application (2.3ms)
Completed 200 OK in 40ms (Views: 37.8ms | ActiveRecord: 0.2ms)


Started GET "/" for ::1 at 2016-12-18 22:32:28 -0800
Processing by CreaturesController#index as HTML
  Rendering creatures/index.html.erb within layouts/application
  [1m[36mCreature Load (0.3ms)[0m  [1m[34mSELECT "creatures".* FROM "creatures"[0m
  Rendered creatures/index.html.erb within layouts/application (2.5ms)
Completed 200 OK in 42ms (Views: 39.0ms | ActiveRecord: 0.3ms)


Started GET "/" for ::1 at 2016-12-18 22:32:36 -0800
Processing by CreaturesController#index as HTML
  Rendering creatures/index.html.erb within layouts/application
  [1m[36mCreature Load (0.2ms)[0m  [1m[34mSELECT "creatures".* FROM "creatures"[0m
  Rendered creatures/index.html.erb within layouts/application (2.1ms)
Completed 200 OK in 39ms (Views: 36.4ms | ActiveRecord: 0.2ms)


Started GET "/" for ::1 at 2016-12-18 22:32:43 -0800
Processing by CreaturesController#index as HTML
  Rendering creatures/index.html.erb within layouts/application
  [1m[36mCreature Load (0.2ms)[0m  [1m[34mSELECT "creatures".* FROM "creatures"[0m
  Rendered creatures/index.html.erb within layouts/application (2.1ms)
Completed 200 OK in 37ms (Views: 34.8ms | ActiveRecord: 0.2ms)


Started GET "/" for ::1 at 2016-12-18 22:32:50 -0800
Processing by CreaturesController#index as HTML
  Rendering creatures/index.html.erb within layouts/application
  [1m[36mCreature Load (0.2ms)[0m  [1m[34mSELECT "creatures".* FROM "creatures"[0m
  Rendered creatures/index.html.erb within layouts/application (1.9ms)
Completed 200 OK in 35ms (Views: 32.3ms | ActiveRecord: 0.2ms)


Started GET "/" for ::1 at 2016-12-18 22:33:01 -0800
Processing by CreaturesController#index as HTML
  Rendering creatures/index.html.erb within layouts/application
  [1m[36mCreature Load (0.2ms)[0m  [1m[34mSELECT "creatures".* FROM "creatures"[0m
  Rendered creatures/index.html.erb within layouts/application (2.3ms)
Completed 200 OK in 44ms (Views: 41.7ms | ActiveRecord: 0.2ms)


Started GET "/" for ::1 at 2016-12-18 22:33:41 -0800
Processing by CreaturesController#index as HTML
  Rendering creatures/index.html.erb within layouts/application
  [1m[36mCreature Load (0.2ms)[0m  [1m[34mSELECT "creatures".* FROM "creatures"[0m
  Rendered creatures/index.html.erb within layouts/application (2.1ms)
Completed 200 OK in 35ms (Views: 33.2ms | ActiveRecord: 0.2ms)


Started GET "/" for ::1 at 2016-12-18 22:33:59 -0800
Processing by CreaturesController#index as HTML
  Rendering creatures/index.html.erb within layouts/application
  [1m[36mCreature Load (0.2ms)[0m  [1m[34mSELECT "creatures".* FROM "creatures"[0m
  Rendered creatures/index.html.erb within layouts/application (2.1ms)
Completed 200 OK in 40ms (Views: 37.4ms | ActiveRecord: 0.2ms)


Started GET "/" for ::1 at 2016-12-18 22:34:32 -0800
Processing by CreaturesController#index as HTML
  Rendering creatures/index.html.erb within layouts/application
  [1m[36mCreature Load (0.3ms)[0m  [1m[34mSELECT "creatures".* FROM "creatures"[0m
  Rendered creatures/index.html.erb within layouts/application (2.0ms)
Completed 200 OK in 39ms (Views: 36.4ms | ActiveRecord: 0.3ms)


Started GET "/" for ::1 at 2016-12-18 22:34:38 -0800
Processing by CreaturesController#index as HTML
  Rendering creatures/index.html.erb within layouts/application
  [1m[36mCreature Load (0.2ms)[0m  [1m[34mSELECT "creatures".* FROM "creatures"[0m
  Rendered creatures/index.html.erb within layouts/application (1.9ms)
Completed 200 OK in 36ms (Views: 33.6ms | ActiveRecord: 0.2ms)


Started GET "/" for ::1 at 2016-12-18 22:35:34 -0800
Processing by CreaturesController#index as HTML
  Rendering creatures/index.html.erb within layouts/application
  [1m[36mCreature Load (0.2ms)[0m  [1m[34mSELECT "creatures".* FROM "creatures"[0m
  Rendered creatures/index.html.erb within layouts/application (2.1ms)
Completed 200 OK in 24ms (Views: 21.9ms | ActiveRecord: 0.2ms)


Started GET "/" for ::1 at 2016-12-18 22:35:48 -0800
Processing by CreaturesController#index as HTML
  Rendering creatures/index.html.erb within layouts/application
  [1m[36mCreature Load (0.3ms)[0m  [1m[34mSELECT "creatures".* FROM "creatures"[0m
  Rendered creatures/index.html.erb within layouts/application (2.1ms)
Completed 200 OK in 27ms (Views: 24.9ms | ActiveRecord: 0.3ms)


Started GET "/" for ::1 at 2016-12-18 22:36:21 -0800
Processing by CreaturesController#index as HTML
  Rendering creatures/index.html.erb within layouts/application
  [1m[36mCreature Load (0.2ms)[0m  [1m[34mSELECT "creatures".* FROM "creatures"[0m
  Rendered creatures/index.html.erb within layouts/application (2.2ms)
Completed 200 OK in 44ms (Views: 41.4ms | ActiveRecord: 0.2ms)


Started GET "/" for ::1 at 2016-12-18 22:36:49 -0800
Processing by CreaturesController#index as HTML
  Rendering creatures/index.html.erb within layouts/application
  [1m[36mCreature Load (0.2ms)[0m  [1m[34mSELECT "creatures".* FROM "creatures"[0m
  Rendered creatures/index.html.erb within layouts/application (2.1ms)
Completed 200 OK in 36ms (Views: 34.3ms | ActiveRecord: 0.2ms)


Started GET "/" for ::1 at 2016-12-18 22:40:25 -0800
Processing by CreaturesController#index as HTML
  Rendering creatures/index.html.erb within layouts/application
  [1m[36mCreature Load (0.2ms)[0m  [1m[34mSELECT "creatures".* FROM "creatures"[0m
  Rendered creatures/index.html.erb within layouts/application (2.0ms)
Completed 200 OK in 72ms (Views: 70.4ms | ActiveRecord: 0.2ms)


Started GET "/" for ::1 at 2016-12-18 22:41:21 -0800
Processing by CreaturesController#index as HTML
  Rendering creatures/index.html.erb within layouts/application
  [1m[36mCreature Load (0.2ms)[0m  [1m[34mSELECT "creatures".* FROM "creatures"[0m
  Rendered creatures/index.html.erb within layouts/application (2.0ms)
Completed 200 OK in 74ms (Views: 71.3ms | ActiveRecord: 0.2ms)


Started GET "/creatures/new" for ::1 at 2016-12-18 22:41:22 -0800
Processing by CreaturesController#new as HTML
  Rendering creatures/new.html.erb within layouts/application
  Rendered creatures/new.html.erb within layouts/application (1.7ms)
Completed 200 OK in 32ms (Views: 29.3ms | ActiveRecord: 0.0ms)


Started GET "/creatures/new" for ::1 at 2016-12-18 22:41:35 -0800
Processing by CreaturesController#new as HTML
  Rendering creatures/new.html.erb within layouts/application
  Rendered creatures/new.html.erb within layouts/application (1.1ms)
Completed 200 OK in 71ms (Views: 68.7ms | ActiveRecord: 0.0ms)


Started GET "/" for ::1 at 2016-12-18 22:41:38 -0800
Processing by CreaturesController#index as HTML
  Rendering creatures/index.html.erb within layouts/application
  [1m[36mCreature Load (0.3ms)[0m  [1m[34mSELECT "creatures".* FROM "creatures"[0m
  Rendered creatures/index.html.erb within layouts/application (2.7ms)
Completed 200 OK in 28ms (Views: 24.8ms | ActiveRecord: 0.3ms)


Started GET "/creatures/new" for ::1 at 2016-12-18 22:41:39 -0800
Processing by CreaturesController#new as HTML
  Rendering creatures/new.html.erb within layouts/application
  Rendered creatures/new.html.erb within layouts/application (1.1ms)
Completed 200 OK in 24ms (Views: 21.7ms | ActiveRecord: 0.0ms)


Started GET "/" for ::1 at 2016-12-18 22:41:42 -0800
Processing by CreaturesController#index as HTML
  Rendering creatures/index.html.erb within layouts/application
  [1m[36mCreature Load (0.3ms)[0m  [1m[34mSELECT "creatures".* FROM "creatures"[0m
  Rendered creatures/index.html.erb within layouts/application (2.6ms)
Completed 200 OK in 24ms (Views: 21.9ms | ActiveRecord: 0.3ms)


Started GET "/creatures/new" for ::1 at 2016-12-18 22:41:43 -0800
Processing by CreaturesController#new as HTML
  Rendering creatures/new.html.erb within layouts/application
  Rendered creatures/new.html.erb within layouts/application (1.0ms)
Completed 200 OK in 23ms (Views: 21.1ms | ActiveRecord: 0.0ms)


Started GET "/" for ::1 at 2016-12-18 22:41:44 -0800
Processing by CreaturesController#index as HTML
  Rendering creatures/index.html.erb within layouts/application
  [1m[36mCreature Load (0.2ms)[0m  [1m[34mSELECT "creatures".* FROM "creatures"[0m
  Rendered creatures/index.html.erb within layouts/application (1.9ms)
Completed 200 OK in 25ms (Views: 23.6ms | ActiveRecord: 0.2ms)


Started GET "/creatures/new" for ::1 at 2016-12-18 22:41:44 -0800
Processing by CreaturesController#new as HTML
  Rendering creatures/new.html.erb within layouts/application
  Rendered creatures/new.html.erb within layouts/application (1.3ms)
Completed 200 OK in 28ms (Views: 26.6ms | ActiveRecord: 0.0ms)


Started GET "/" for ::1 at 2016-12-18 22:41:45 -0800
Processing by CreaturesController#index as HTML
  Rendering creatures/index.html.erb within layouts/application
  [1m[36mCreature Load (0.2ms)[0m  [1m[34mSELECT "creatures".* FROM "creatures"[0m
  Rendered creatures/index.html.erb within layouts/application (2.2ms)
Completed 200 OK in 24ms (Views: 21.9ms | ActiveRecord: 0.2ms)


Started GET "/creatures/new" for ::1 at 2016-12-18 22:41:46 -0800
Processing by CreaturesController#new as HTML
  Rendering creatures/new.html.erb within layouts/application
  Rendered creatures/new.html.erb within layouts/application (1.2ms)
Completed 200 OK in 24ms (Views: 21.3ms | ActiveRecord: 0.0ms)


Started GET "/" for ::1 at 2016-12-18 22:41:47 -0800
Processing by CreaturesController#index as HTML
  Rendering creatures/index.html.erb within layouts/application
  [1m[36mCreature Load (0.2ms)[0m  [1m[34mSELECT "creatures".* FROM "creatures"[0m
  Rendered creatures/index.html.erb within layouts/application (1.9ms)
Completed 200 OK in 23ms (Views: 21.2ms | ActiveRecord: 0.2ms)


Started GET "/creatures/new" for ::1 at 2016-12-18 22:41:48 -0800
Processing by CreaturesController#new as HTML
  Rendering creatures/new.html.erb within layouts/application
  Rendered creatures/new.html.erb within layouts/application (1.3ms)
Completed 200 OK in 23ms (Views: 21.0ms | ActiveRecord: 0.0ms)


Started GET "/" for ::1 at 2016-12-18 22:41:50 -0800
Processing by CreaturesController#index as HTML
  Rendering creatures/index.html.erb within layouts/application
  [1m[36mCreature Load (0.3ms)[0m  [1m[34mSELECT "creatures".* FROM "creatures"[0m
  Rendered creatures/index.html.erb within layouts/application (2.3ms)
Completed 200 OK in 24ms (Views: 21.3ms | ActiveRecord: 0.3ms)


Started GET "/creatures/new" for ::1 at 2016-12-18 22:41:51 -0800
Processing by CreaturesController#new as HTML
  Rendering creatures/new.html.erb within layouts/application
  Rendered creatures/new.html.erb within layouts/application (1.1ms)
Completed 200 OK in 22ms (Views: 20.2ms | ActiveRecord: 0.0ms)


Started GET "/" for ::1 at 2016-12-18 22:41:54 -0800
Processing by CreaturesController#index as HTML
  Rendering creatures/index.html.erb within layouts/application
  [1m[36mCreature Load (0.2ms)[0m  [1m[34mSELECT "creatures".* FROM "creatures"[0m
  Rendered creatures/index.html.erb within layouts/application (2.0ms)
Completed 200 OK in 27ms (Views: 25.5ms | ActiveRecord: 0.2ms)


Started GET "/" for ::1 at 2016-12-18 22:42:26 -0800
Processing by CreaturesController#index as HTML
  Rendering creatures/index.html.erb within layouts/application
  [1m[36mCreature Load (0.2ms)[0m  [1m[34mSELECT "creatures".* FROM "creatures"[0m
  Rendered creatures/index.html.erb within layouts/application (2.0ms)
Completed 200 OK in 21ms (Views: 18.6ms | ActiveRecord: 0.2ms)


Started GET "/creatures/new" for ::1 at 2016-12-18 22:42:46 -0800
Processing by CreaturesController#new as HTML
  Rendering creatures/new.html.erb within layouts/application
  Rendered creatures/new.html.erb within layouts/application (1.9ms)
Completed 200 OK in 23ms (Views: 21.4ms | ActiveRecord: 0.0ms)


Started GET "/" for ::1 at 2016-12-18 22:43:18 -0800
Processing by CreaturesController#index as HTML
  Rendering creatures/index.html.erb within layouts/application
  [1m[36mCreature Load (0.2ms)[0m  [1m[34mSELECT "creatures".* FROM "creatures"[0m
  Rendered creatures/index.html.erb within layouts/application (2.0ms)
Completed 200 OK in 23ms (Views: 21.2ms | ActiveRecord: 0.2ms)


Started GET "/" for ::1 at 2016-12-18 22:45:02 -0800
Processing by CreaturesController#index as HTML
  Rendering creatures/index.html.erb within layouts/application
  [1m[36mCreature Load (0.2ms)[0m  [1m[34mSELECT "creatures".* FROM "creatures"[0m
  Rendered creatures/index.html.erb within layouts/application (2.6ms)
Completed 200 OK in 37ms (Views: 35.0ms | ActiveRecord: 0.2ms)


Started GET "/" for ::1 at 2016-12-18 22:46:22 -0800
Processing by CreaturesController#index as HTML
  Rendering creatures/index.html.erb within layouts/application
  [1m[36mCreature Load (0.2ms)[0m  [1m[34mSELECT "creatures".* FROM "creatures"[0m
  Rendered creatures/index.html.erb within layouts/application (2.1ms)
Completed 200 OK in 39ms (Views: 37.2ms | ActiveRecord: 0.2ms)


Started GET "/" for ::1 at 2016-12-18 22:46:46 -0800
Processing by CreaturesController#index as HTML
  Rendering creatures/index.html.erb within layouts/application
  [1m[36mCreature Load (0.2ms)[0m  [1m[34mSELECT "creatures".* FROM "creatures"[0m
  Rendered creatures/index.html.erb within layouts/application (2.1ms)
Completed 200 OK in 27ms (Views: 24.6ms | ActiveRecord: 0.2ms)


Started GET "/" for ::1 at 2016-12-18 22:46:59 -0800
Processing by CreaturesController#index as HTML
  Rendering creatures/index.html.erb within layouts/application
  [1m[36mCreature Load (0.2ms)[0m  [1m[34mSELECT "creatures".* FROM "creatures"[0m
  Rendered creatures/index.html.erb within layouts/application (2.0ms)
Completed 200 OK in 37ms (Views: 34.9ms | ActiveRecord: 0.2ms)


Started GET "/" for ::1 at 2016-12-18 22:47:19 -0800
Processing by CreaturesController#index as HTML
  Rendering creatures/index.html.erb within layouts/application
  [1m[36mCreature Load (0.3ms)[0m  [1m[34mSELECT "creatures".* FROM "creatures"[0m
  Rendered creatures/index.html.erb within layouts/application (2.3ms)
Completed 200 OK in 24ms (Views: 22.3ms | ActiveRecord: 0.3ms)


Started GET "/" for ::1 at 2016-12-18 22:47:41 -0800
Processing by CreaturesController#index as HTML
  Rendering creatures/index.html.erb within layouts/application
  [1m[36mCreature Load (0.2ms)[0m  [1m[34mSELECT "creatures".* FROM "creatures"[0m
  Rendered creatures/index.html.erb within layouts/application (2.0ms)
Completed 200 OK in 23ms (Views: 20.2ms | ActiveRecord: 0.2ms)


Started GET "/" for ::1 at 2016-12-18 22:48:17 -0800
Processing by CreaturesController#index as HTML
  Rendering creatures/index.html.erb within layouts/application
  [1m[36mCreature Load (0.2ms)[0m  [1m[34mSELECT "creatures".* FROM "creatures"[0m
  Rendered creatures/index.html.erb within layouts/application (2.2ms)
Completed 200 OK in 39ms (Views: 37.1ms | ActiveRecord: 0.2ms)


Started GET "/" for ::1 at 2016-12-18 22:48:27 -0800
Processing by CreaturesController#index as HTML
  Rendering creatures/index.html.erb within layouts/application
  [1m[36mCreature Load (0.3ms)[0m  [1m[34mSELECT "creatures".* FROM "creatures"[0m
  Rendered creatures/index.html.erb within layouts/application (2.6ms)
Completed 200 OK in 42ms (Views: 40.0ms | ActiveRecord: 0.3ms)


Started GET "/" for ::1 at 2016-12-18 22:48:42 -0800
Processing by CreaturesController#index as HTML
  Rendering creatures/index.html.erb within layouts/application
  [1m[36mCreature Load (0.3ms)[0m  [1m[34mSELECT "creatures".* FROM "creatures"[0m
  Rendered creatures/index.html.erb within layouts/application (2.4ms)
Completed 200 OK in 49ms (Views: 46.7ms | ActiveRecord: 0.3ms)


Started GET "/" for ::1 at 2016-12-18 22:49:22 -0800
Processing by CreaturesController#index as HTML
  Rendering creatures/index.html.erb within layouts/application
  [1m[36mCreature Load (0.2ms)[0m  [1m[34mSELECT "creatures".* FROM "creatures"[0m
  Rendered creatures/index.html.erb within layouts/application (2.1ms)
Completed 200 OK in 23ms (Views: 21.0ms | ActiveRecord: 0.2ms)


Started GET "/" for ::1 at 2016-12-18 22:49:50 -0800
Processing by CreaturesController#index as HTML
  Rendering creatures/index.html.erb within layouts/application
  [1m[36mCreature Load (0.2ms)[0m  [1m[34mSELECT "creatures".* FROM "creatures"[0m
  Rendered creatures/index.html.erb within layouts/application (2.6ms)
Completed 200 OK in 23ms (Views: 20.7ms | ActiveRecord: 0.2ms)


Started GET "/" for ::1 at 2016-12-18 22:50:18 -0800
Processing by CreaturesController#index as HTML
  Rendering creatures/index.html.erb within layouts/application
  [1m[36mCreature Load (0.3ms)[0m  [1m[34mSELECT "creatures".* FROM "creatures"[0m
  Rendered creatures/index.html.erb within layouts/application (2.0ms)
Completed 200 OK in 22ms (Views: 19.9ms | ActiveRecord: 0.3ms)


Started GET "/" for ::1 at 2016-12-18 22:50:35 -0800
Processing by CreaturesController#index as HTML
  Rendering creatures/index.html.erb within layouts/application
  [1m[36mCreature Load (0.3ms)[0m  [1m[34mSELECT "creatures".* FROM "creatures"[0m
  Rendered creatures/index.html.erb within layouts/application (2.2ms)
Completed 200 OK in 27ms (Views: 24.7ms | ActiveRecord: 0.3ms)


Started GET "/" for ::1 at 2016-12-18 22:50:54 -0800
Processing by CreaturesController#index as HTML
  Rendering creatures/index.html.erb within layouts/application
  [1m[36mCreature Load (0.2ms)[0m  [1m[34mSELECT "creatures".* FROM "creatures"[0m
  Rendered creatures/index.html.erb within layouts/application (2.2ms)
Completed 200 OK in 38ms (Views: 35.5ms | ActiveRecord: 0.2ms)


Started GET "/" for ::1 at 2016-12-18 22:51:04 -0800
Processing by CreaturesController#index as HTML
  Rendering creatures/index.html.erb within layouts/application
  [1m[36mCreature Load (0.2ms)[0m  [1m[34mSELECT "creatures".* FROM "creatures"[0m
  Rendered creatures/index.html.erb within layouts/application (2.2ms)
Completed 200 OK in 44ms (Views: 42.1ms | ActiveRecord: 0.2ms)


Started GET "/" for ::1 at 2016-12-18 22:51:23 -0800
Processing by CreaturesController#index as HTML
  Rendering creatures/index.html.erb within layouts/application
  [1m[36mCreature Load (0.2ms)[0m  [1m[34mSELECT "creatures".* FROM "creatures"[0m
  Rendered creatures/index.html.erb within layouts/application (2.1ms)
Completed 200 OK in 38ms (Views: 35.9ms | ActiveRecord: 0.2ms)


Started GET "/creatures/new" for ::1 at 2016-12-18 22:51:37 -0800
Processing by CreaturesController#new as HTML
  Rendering creatures/new.html.erb within layouts/application
  Rendered creatures/new.html.erb within layouts/application (1.6ms)
Completed 200 OK in 23ms (Views: 20.8ms | ActiveRecord: 0.0ms)


Started GET "/" for ::1 at 2016-12-18 22:51:38 -0800
Processing by CreaturesController#index as HTML
  Rendering creatures/index.html.erb within layouts/application
  [1m[36mCreature Load (0.6ms)[0m  [1m[34mSELECT "creatures".* FROM "creatures"[0m
  Rendered creatures/index.html.erb within layouts/application (3.1ms)
Completed 200 OK in 26ms (Views: 23.5ms | ActiveRecord: 0.6ms)


Started GET "/creatures/new" for ::1 at 2016-12-19 00:02:14 -0800
Processing by CreaturesController#new as HTML
  Rendering creatures/new.html.erb within layouts/application
  Rendered creatures/new.html.erb within layouts/application (1.3ms)
Completed 200 OK in 23ms (Views: 21.4ms | ActiveRecord: 0.0ms)


Started GET "/" for ::1 at 2016-12-19 00:02:15 -0800
Processing by CreaturesController#index as HTML
  Rendering creatures/index.html.erb within layouts/application
  [1m[36mCreature Load (0.2ms)[0m  [1m[34mSELECT "creatures".* FROM "creatures"[0m
  Rendered creatures/index.html.erb within layouts/application (1.9ms)
Completed 200 OK in 24ms (Views: 22.6ms | ActiveRecord: 0.2ms)


Started GET "/creatures/new" for ::1 at 2016-12-19 00:02:19 -0800
Processing by CreaturesController#new as HTML
  Rendering creatures/new.html.erb within layouts/application
  Rendered creatures/new.html.erb within layouts/application (1.4ms)
Completed 200 OK in 23ms (Views: 20.9ms | ActiveRecord: 0.0ms)


Started GET "/" for ::1 at 2016-12-19 00:02:21 -0800
Processing by CreaturesController#index as HTML
  Rendering creatures/index.html.erb within layouts/application
  [1m[36mCreature Load (0.4ms)[0m  [1m[34mSELECT "creatures".* FROM "creatures"[0m
  Rendered creatures/index.html.erb within layouts/application (3.6ms)
Completed 200 OK in 31ms (Views: 28.6ms | ActiveRecord: 0.4ms)


Started GET "/" for ::1 at 2016-12-19 00:39:37 -0800
Processing by CreaturesController#index as HTML
  Rendering creatures/index.html.erb within layouts/application
  [1m[36mCreature Load (0.2ms)[0m  [1m[34mSELECT "creatures".* FROM "creatures"[0m
  Rendered creatures/index.html.erb within layouts/application (2.1ms)
Completed 200 OK in 23ms (Views: 20.3ms | ActiveRecord: 0.2ms)


Started GET "/creatures/new" for ::1 at 2016-12-19 00:39:38 -0800
Processing by CreaturesController#new as HTML
  Rendering creatures/new.html.erb within layouts/application
  Rendered creatures/new.html.erb within layouts/application (1.3ms)
Completed 200 OK in 23ms (Views: 20.9ms | ActiveRecord: 0.0ms)


Started GET "/creatures/new" for ::1 at 2016-12-19 00:39:58 -0800
Processing by CreaturesController#new as HTML
  Rendering creatures/new.html.erb within layouts/application
  Rendered creatures/new.html.erb within layouts/application (1.1ms)
Completed 200 OK in 22ms (Views: 19.6ms | ActiveRecord: 0.0ms)


Started GET "/creatures/new" for ::1 at 2016-12-19 00:44:11 -0800
Processing by CreaturesController#new as HTML
  Rendering creatures/new.html.erb within layouts/application
  Rendered creatures/new.html.erb within layouts/application (1.1ms)
Completed 200 OK in 21ms (Views: 19.3ms | ActiveRecord: 0.0ms)


Started GET "/creatures/new" for ::1 at 2016-12-19 00:45:39 -0800
Processing by CreaturesController#new as HTML
  Rendering creatures/new.html.erb within layouts/application
  Rendered creatures/new.html.erb within layouts/application (1.2ms)
Completed 200 OK in 23ms (Views: 21.0ms | ActiveRecord: 0.0ms)


Started GET "/creatures/new" for ::1 at 2016-12-19 00:45:41 -0800
Processing by CreaturesController#new as HTML
  Rendering creatures/new.html.erb within layouts/application
  Rendered creatures/new.html.erb within layouts/application (1.3ms)
Completed 200 OK in 31ms (Views: 28.9ms | ActiveRecord: 0.0ms)


Started GET "/creatures/new" for ::1 at 2016-12-19 00:45:51 -0800
Processing by CreaturesController#new as HTML
  Rendering creatures/new.html.erb within layouts/application
  Rendered creatures/new.html.erb within layouts/application (1.1ms)
Completed 200 OK in 22ms (Views: 20.3ms | ActiveRecord: 0.0ms)


Started GET "/creatures/new" for ::1 at 2016-12-19 00:46:09 -0800
Processing by CreaturesController#new as HTML
  Rendering creatures/new.html.erb within layouts/application
  Rendered creatures/new.html.erb within layouts/application (1.1ms)
Completed 200 OK in 24ms (Views: 21.8ms | ActiveRecord: 0.0ms)


Started GET "/creatures/new" for ::1 at 2016-12-19 00:46:29 -0800
Processing by CreaturesController#new as HTML
  Rendering creatures/new.html.erb within layouts/application
  Rendered creatures/new.html.erb within layouts/application (1.2ms)
Completed 200 OK in 31ms (Views: 28.8ms | ActiveRecord: 0.0ms)


Started GET "/" for ::1 at 2016-12-19 00:49:08 -0800
Processing by CreaturesController#index as HTML
  Rendering creatures/index.html.erb within layouts/application
  [1m[36mCreature Load (0.3ms)[0m  [1m[34mSELECT "creatures".* FROM "creatures"[0m
  Rendered creatures/index.html.erb within layouts/application (3.4ms)
Completed 200 OK in 38ms (Views: 35.5ms | ActiveRecord: 0.3ms)


Started GET "/" for ::1 at 2016-12-19 00:53:41 -0800
Processing by CreaturesController#index as HTML
  Rendering creatures/index.html.erb within layouts/application
  [1m[36mCreature Load (0.2ms)[0m  [1m[34mSELECT "creatures".* FROM "creatures"[0m
  Rendered creatures/index.html.erb within layouts/application (78.6ms)
Completed 500 Internal Server Error in 84ms (ActiveRecord: 0.2ms)


  
ActionView::Template::Error (undefined method `create_path' for #<#<Class:0x007f91bd43d518>:0x007f91b96e50d0>
Did you mean?  creature_path
               creatures_path):
     7:   <strong>Description:</strong><%=c.description%>
     8:   </p>
     9:   <div class="col-md-4">
    10:     <%=button_to "View", create_path(c), class: "btn btn-success"%>
    11:     <%=button_to "Delete", c, method: :delete, class: "btn btn-danger delete"%>
    12:   </div>
    13: </div>
  
app/views/creatures/index.html.erb:10:in `block in _app_views_creatures_index_html_erb__429800005951808604_70131929001320'
app/views/creatures/index.html.erb:3:in `_app_views_creatures_index_html_erb__429800005951808604_70131929001320'
  Rendering /Users/vladyslavkuliani/.rvm/gems/ruby-2.3.0/gems/actionpack-5.0.0.1/lib/action_dispatch/middleware/templates/rescues/template_error.html.erb within rescues/layout
  Rendering /Users/vladyslavkuliani/.rvm/gems/ruby-2.3.0/gems/actionpack-5.0.0.1/lib/action_dispatch/middleware/templates/rescues/_source.html.erb
  Rendered /Users/vladyslavkuliani/.rvm/gems/ruby-2.3.0/gems/actionpack-5.0.0.1/lib/action_dispatch/middleware/templates/rescues/_source.html.erb (4.3ms)
  Rendering /Users/vladyslavkuliani/.rvm/gems/ruby-2.3.0/gems/actionpack-5.0.0.1/lib/action_dispatch/middleware/templates/rescues/_trace.html.erb
  Rendered /Users/vladyslavkuliani/.rvm/gems/ruby-2.3.0/gems/actionpack-5.0.0.1/lib/action_dispatch/middleware/templates/rescues/_trace.html.erb (2.0ms)
  Rendering /Users/vladyslavkuliani/.rvm/gems/ruby-2.3.0/gems/actionpack-5.0.0.1/lib/action_dispatch/middleware/templates/rescues/_request_and_response.html.erb
  Rendered /Users/vladyslavkuliani/.rvm/gems/ruby-2.3.0/gems/actionpack-5.0.0.1/lib/action_dispatch/middleware/templates/rescues/_request_and_response.html.erb (1.3ms)
  Rendered /Users/vladyslavkuliani/.rvm/gems/ruby-2.3.0/gems/actionpack-5.0.0.1/lib/action_dispatch/middleware/templates/rescues/template_error.html.erb within rescues/layout (63.1ms)
Started GET "/" for ::1 at 2016-12-19 00:53:55 -0800
Processing by CreaturesController#index as HTML
  Rendering creatures/index.html.erb within layouts/application
  [1m[36mCreature Load (0.9ms)[0m  [1m[34mSELECT "creatures".* FROM "creatures"[0m
  Rendered creatures/index.html.erb within layouts/application (7.1ms)
Completed 200 OK in 30ms (Views: 27.3ms | ActiveRecord: 0.9ms)


Started POST "/creatures/2" for ::1 at 2016-12-19 00:54:02 -0800
  
ActionController::RoutingError (No route matches [POST] "/creatures/2"):
  
actionpack (5.0.0.1) lib/action_dispatch/middleware/debug_exceptions.rb:53:in `call'
web-console (3.4.0) lib/web_console/middleware.rb:135:in `call_app'
web-console (3.4.0) lib/web_console/middleware.rb:28:in `block in call'
web-console (3.4.0) lib/web_console/middleware.rb:18:in `catch'
web-console (3.4.0) lib/web_console/middleware.rb:18:in `call'
actionpack (5.0.0.1) lib/action_dispatch/middleware/show_exceptions.rb:31:in `call'
railties (5.0.0.1) lib/rails/rack/logger.rb:36:in `call_app'
railties (5.0.0.1) lib/rails/rack/logger.rb:24:in `block in call'
activesupport (5.0.0.1) lib/active_support/tagged_logging.rb:70:in `block in tagged'
activesupport (5.0.0.1) lib/active_support/tagged_logging.rb:26:in `tagged'
activesupport (5.0.0.1) lib/active_support/tagged_logging.rb:70:in `tagged'
railties (5.0.0.1) lib/rails/rack/logger.rb:24:in `call'
sprockets-rails (3.2.0) lib/sprockets/rails/quiet_assets.rb:13:in `call'
actionpack (5.0.0.1) lib/action_dispatch/middleware/request_id.rb:24:in `call'
rack (2.0.1) lib/rack/method_override.rb:22:in `call'
rack (2.0.1) lib/rack/runtime.rb:22:in `call'
activesupport (5.0.0.1) lib/active_support/cache/strategy/local_cache_middleware.rb:28:in `call'
actionpack (5.0.0.1) lib/action_dispatch/middleware/executor.rb:12:in `call'
actionpack (5.0.0.1) lib/action_dispatch/middleware/static.rb:136:in `call'
rack (2.0.1) lib/rack/sendfile.rb:111:in `call'
railties (5.0.0.1) lib/rails/engine.rb:522:in `call'
puma (3.6.2) lib/puma/configuration.rb:225:in `call'
puma (3.6.2) lib/puma/server.rb:578:in `handle_request'
puma (3.6.2) lib/puma/server.rb:415:in `process_client'
puma (3.6.2) lib/puma/server.rb:275:in `block in run'
puma (3.6.2) lib/puma/thread_pool.rb:116:in `block in spawn_thread'
  Rendering /Users/vladyslavkuliani/.rvm/gems/ruby-2.3.0/gems/actionpack-5.0.0.1/lib/action_dispatch/middleware/templates/rescues/routing_error.html.erb within rescues/layout
  Rendering /Users/vladyslavkuliani/.rvm/gems/ruby-2.3.0/gems/actionpack-5.0.0.1/lib/action_dispatch/middleware/templates/rescues/_trace.html.erb
  Rendered /Users/vladyslavkuliani/.rvm/gems/ruby-2.3.0/gems/actionpack-5.0.0.1/lib/action_dispatch/middleware/templates/rescues/_trace.html.erb (1.1ms)
  Rendered collection of /Users/vladyslavkuliani/.rvm/gems/ruby-2.3.0/gems/actionpack-5.0.0.1/lib/action_dispatch/middleware/templates/routes/_route.html.erb [8 times] (2.6ms)
  Rendered /Users/vladyslavkuliani/.rvm/gems/ruby-2.3.0/gems/actionpack-5.0.0.1/lib/action_dispatch/middleware/templates/routes/_table.html.erb (1.2ms)
  Rendering /Users/vladyslavkuliani/.rvm/gems/ruby-2.3.0/gems/actionpack-5.0.0.1/lib/action_dispatch/middleware/templates/rescues/_request_and_response.html.erb
  Rendered /Users/vladyslavkuliani/.rvm/gems/ruby-2.3.0/gems/actionpack-5.0.0.1/lib/action_dispatch/middleware/templates/rescues/_request_and_response.html.erb (1.3ms)
  Rendered /Users/vladyslavkuliani/.rvm/gems/ruby-2.3.0/gems/actionpack-5.0.0.1/lib/action_dispatch/middleware/templates/rescues/routing_error.html.erb within rescues/layout (71.7ms)
Started GET "/" for ::1 at 2016-12-19 00:54:15 -0800
Processing by CreaturesController#index as HTML
  Rendering creatures/index.html.erb within layouts/application
  [1m[36mCreature Load (0.3ms)[0m  [1m[34mSELECT "creatures".* FROM "creatures"[0m
  Rendered creatures/index.html.erb within layouts/application (2.7ms)
Completed 200 OK in 34ms (Views: 31.4ms | ActiveRecord: 0.3ms)


Started GET "/creatures/2" for ::1 at 2016-12-19 00:54:17 -0800
Processing by CreaturesController#show as HTML
  Parameters: {"id"=>"2"}
  [1m[36mCreature Load (0.4ms)[0m  [1m[34mSELECT  "creatures".* FROM "creatures" WHERE "creatures"."id" = $1 LIMIT $2[0m  [["id", 2], ["LIMIT", 1]]
  Rendering creatures/show.html.erb within layouts/application
  Rendered creatures/show.html.erb within layouts/application (0.5ms)
Completed 200 OK in 39ms (Views: 35.9ms | ActiveRecord: 0.4ms)


Started GET "/" for ::1 at 2016-12-19 00:54:25 -0800
Processing by CreaturesController#index as HTML
  Rendering creatures/index.html.erb within layouts/application
  [1m[36mCreature Load (0.2ms)[0m  [1m[34mSELECT "creatures".* FROM "creatures"[0m
  Rendered creatures/index.html.erb within layouts/application (2.1ms)
Completed 200 OK in 23ms (Views: 20.6ms | ActiveRecord: 0.2ms)


Started GET "/" for ::1 at 2016-12-19 00:54:39 -0800
Processing by CreaturesController#index as HTML
  Rendering creatures/index.html.erb within layouts/application
  [1m[36mCreature Load (0.2ms)[0m  [1m[34mSELECT "creatures".* FROM "creatures"[0m
  Rendered creatures/index.html.erb within layouts/application (2.3ms)
Completed 200 OK in 22ms (Views: 20.3ms | ActiveRecord: 0.2ms)


Started GET "/creatures/2" for ::1 at 2016-12-19 00:55:14 -0800
Processing by CreaturesController#show as HTML
  Parameters: {"id"=>"2"}
  [1m[36mCreature Load (0.4ms)[0m  [1m[34mSELECT  "creatures".* FROM "creatures" WHERE "creatures"."id" = $1 LIMIT $2[0m  [["id", 2], ["LIMIT", 1]]
  Rendering creatures/show.html.erb within layouts/application
  Rendered creatures/show.html.erb within layouts/application (0.4ms)
Completed 200 OK in 28ms (Views: 25.3ms | ActiveRecord: 0.4ms)


Started GET "/creatures/2" for ::1 at 2016-12-19 00:55:33 -0800
Processing by CreaturesController#show as HTML
  Parameters: {"id"=>"2"}
  [1m[36mCreature Load (0.2ms)[0m  [1m[34mSELECT  "creatures".* FROM "creatures" WHERE "creatures"."id" = $1 LIMIT $2[0m  [["id", 2], ["LIMIT", 1]]
  Rendering creatures/show.html.erb within layouts/application
  Rendered creatures/show.html.erb within layouts/application (0.4ms)
Completed 200 OK in 21ms (Views: 18.3ms | ActiveRecord: 0.2ms)


Started GET "/creatures/2" for ::1 at 2016-12-19 00:58:04 -0800
Processing by CreaturesController#show as HTML
  Parameters: {"id"=>"2"}
  [1m[36mCreature Load (0.3ms)[0m  [1m[34mSELECT  "creatures".* FROM "creatures" WHERE "creatures"."id" = $1 LIMIT $2[0m  [["id", 2], ["LIMIT", 1]]
  Rendering creatures/show.html.erb within layouts/application
  Rendered creatures/show.html.erb within layouts/application (2.0ms)
Completed 500 Internal Server Error in 8ms (ActiveRecord: 0.3ms)


  
SyntaxError (/Users/vladyslavkuliani/wdi/Week8/rails_bog_app/bog_app/app/views/creatures/show.html.erb:6: syntax error, unexpected '='
...reature_path(@creature), class="btn btn-info");@output_buffe...
...                               ^):
  
app/views/creatures/show.html.erb:6: syntax error, unexpected '='
  Rendering /Users/vladyslavkuliani/.rvm/gems/ruby-2.3.0/gems/actionpack-5.0.0.1/lib/action_dispatch/middleware/templates/rescues/diagnostics.html.erb within rescues/layout
  Rendering /Users/vladyslavkuliani/.rvm/gems/ruby-2.3.0/gems/actionpack-5.0.0.1/lib/action_dispatch/middleware/templates/rescues/_source.html.erb
  Rendered /Users/vladyslavkuliani/.rvm/gems/ruby-2.3.0/gems/actionpack-5.0.0.1/lib/action_dispatch/middleware/templates/rescues/_source.html.erb (4.1ms)
  Rendering /Users/vladyslavkuliani/.rvm/gems/ruby-2.3.0/gems/actionpack-5.0.0.1/lib/action_dispatch/middleware/templates/rescues/_trace.html.erb
  Rendered /Users/vladyslavkuliani/.rvm/gems/ruby-2.3.0/gems/actionpack-5.0.0.1/lib/action_dispatch/middleware/templates/rescues/_trace.html.erb (1.6ms)
  Rendering /Users/vladyslavkuliani/.rvm/gems/ruby-2.3.0/gems/actionpack-5.0.0.1/lib/action_dispatch/middleware/templates/rescues/_request_and_response.html.erb
  Rendered /Users/vladyslavkuliani/.rvm/gems/ruby-2.3.0/gems/actionpack-5.0.0.1/lib/action_dispatch/middleware/templates/rescues/_request_and_response.html.erb (0.7ms)
  Rendered /Users/vladyslavkuliani/.rvm/gems/ruby-2.3.0/gems/actionpack-5.0.0.1/lib/action_dispatch/middleware/templates/rescues/diagnostics.html.erb within rescues/layout (55.6ms)
Started GET "/creatures/2" for ::1 at 2016-12-19 00:58:15 -0800
Processing by CreaturesController#show as HTML
  Parameters: {"id"=>"2"}
  [1m[36mCreature Load (0.2ms)[0m  [1m[34mSELECT  "creatures".* FROM "creatures" WHERE "creatures"."id" = $1 LIMIT $2[0m  [["id", 2], ["LIMIT", 1]]
  Rendering creatures/show.html.erb within layouts/application
  Rendered creatures/show.html.erb within layouts/application (0.7ms)
Completed 200 OK in 22ms (Views: 19.7ms | ActiveRecord: 0.2ms)


Started GET "/" for ::1 at 2016-12-19 00:58:33 -0800
Processing by CreaturesController#index as HTML
  Rendering creatures/index.html.erb within layouts/application
  [1m[36mCreature Load (0.2ms)[0m  [1m[34mSELECT "creatures".* FROM "creatures"[0m
  Rendered creatures/index.html.erb within layouts/application (2.1ms)
Completed 200 OK in 24ms (Views: 22.1ms | ActiveRecord: 0.2ms)


Started GET "/creatures/new" for ::1 at 2016-12-19 00:58:34 -0800
Processing by CreaturesController#new as HTML
  Rendering creatures/new.html.erb within layouts/application
  Rendered creatures/new.html.erb within layouts/application (1.0ms)
Completed 200 OK in 23ms (Views: 20.8ms | ActiveRecord: 0.0ms)


Started GET "/creatures/new" for ::1 at 2016-12-19 00:58:36 -0800
Processing by CreaturesController#new as HTML
  Rendering creatures/new.html.erb within layouts/application
  Rendered creatures/new.html.erb within layouts/application (1.1ms)
Completed 200 OK in 30ms (Views: 28.7ms | ActiveRecord: 0.0ms)


Started GET "/" for ::1 at 2016-12-19 00:58:39 -0800
Processing by CreaturesController#index as HTML
  Rendering creatures/index.html.erb within layouts/application
  [1m[36mCreature Load (0.2ms)[0m  [1m[34mSELECT "creatures".* FROM "creatures"[0m
  Rendered creatures/index.html.erb within layouts/application (2.4ms)
Completed 200 OK in 22ms (Views: 19.9ms | ActiveRecord: 0.2ms)


Started GET "/creatures/new" for ::1 at 2016-12-19 00:58:40 -0800
Processing by CreaturesController#new as HTML
  Rendering creatures/new.html.erb within layouts/application
  Rendered creatures/new.html.erb within layouts/application (1.5ms)
Completed 200 OK in 22ms (Views: 20.5ms | ActiveRecord: 0.0ms)


Started GET "/" for ::1 at 2016-12-19 00:58:41 -0800
Processing by CreaturesController#index as HTML
  Rendering creatures/index.html.erb within layouts/application
  [1m[36mCreature Load (0.3ms)[0m  [1m[34mSELECT "creatures".* FROM "creatures"[0m
  Rendered creatures/index.html.erb within layouts/application (2.9ms)
Completed 200 OK in 24ms (Views: 22.2ms | ActiveRecord: 0.3ms)


Started GET "/creatures/2" for ::1 at 2016-12-19 00:58:51 -0800
Processing by CreaturesController#show as HTML
  Parameters: {"id"=>"2"}
  [1m[36mCreature Load (0.2ms)[0m  [1m[34mSELECT  "creatures".* FROM "creatures" WHERE "creatures"."id" = $1 LIMIT $2[0m  [["id", 2], ["LIMIT", 1]]
  Rendering creatures/show.html.erb within layouts/application
  Rendered creatures/show.html.erb within layouts/application (0.7ms)
Completed 200 OK in 31ms (Views: 28.1ms | ActiveRecord: 0.2ms)


Started GET "/creatures/2" for ::1 at 2016-12-19 00:59:05 -0800
Processing by CreaturesController#show as HTML
  Parameters: {"id"=>"2"}
  [1m[36mCreature Load (0.2ms)[0m  [1m[34mSELECT  "creatures".* FROM "creatures" WHERE "creatures"."id" = $1 LIMIT $2[0m  [["id", 2], ["LIMIT", 1]]
  Rendering creatures/show.html.erb within layouts/application
  Rendered creatures/show.html.erb within layouts/application (0.6ms)
Completed 200 OK in 22ms (Views: 19.1ms | ActiveRecord: 0.2ms)


Started GET "/creatures/new" for ::1 at 2016-12-19 00:59:06 -0800
Processing by CreaturesController#new as HTML
  Rendering creatures/new.html.erb within layouts/application
  Rendered creatures/new.html.erb within layouts/application (1.2ms)
Completed 200 OK in 22ms (Views: 20.0ms | ActiveRecord: 0.0ms)


Started GET "/" for ::1 at 2016-12-19 00:59:07 -0800
Processing by CreaturesController#index as HTML
  Rendering creatures/index.html.erb within layouts/application
  [1m[36mCreature Load (0.4ms)[0m  [1m[34mSELECT "creatures".* FROM "creatures"[0m
  Rendered creatures/index.html.erb within layouts/application (2.6ms)
Completed 200 OK in 24ms (Views: 22.0ms | ActiveRecord: 0.4ms)


Started GET "/creatures/new" for ::1 at 2016-12-19 00:59:08 -0800
Processing by CreaturesController#new as HTML
  Rendering creatures/new.html.erb within layouts/application
  Rendered creatures/new.html.erb within layouts/application (1.2ms)
Completed 200 OK in 31ms (Views: 28.5ms | ActiveRecord: 0.0ms)


Started GET "/" for ::1 at 2016-12-19 00:59:09 -0800
Processing by CreaturesController#index as HTML
  Rendering creatures/index.html.erb within layouts/application
  [1m[36mCreature Load (0.3ms)[0m  [1m[34mSELECT "creatures".* FROM "creatures"[0m
  Rendered creatures/index.html.erb within layouts/application (2.3ms)
Completed 200 OK in 27ms (Views: 25.0ms | ActiveRecord: 0.2ms)


Started GET "/creatures/2" for ::1 at 2016-12-19 00:59:10 -0800
Processing by CreaturesController#show as HTML
  Parameters: {"id"=>"2"}
  [1m[36mCreature Load (0.2ms)[0m  [1m[34mSELECT  "creatures".* FROM "creatures" WHERE "creatures"."id" = $1 LIMIT $2[0m  [["id", 2], ["LIMIT", 1]]
  Rendering creatures/show.html.erb within layouts/application
  Rendered creatures/show.html.erb within layouts/application (0.6ms)
Completed 200 OK in 30ms (Views: 27.3ms | ActiveRecord: 0.2ms)


Started GET "/creatures/2/edit" for ::1 at 2016-12-19 00:59:50 -0800
Processing by CreaturesController#edit as HTML
  Parameters: {"id"=>"2"}
  [1m[36mCreature Load (0.2ms)[0m  [1m[34mSELECT  "creatures".* FROM "creatures" WHERE "creatures"."id" = $1 LIMIT $2[0m  [["id", 2], ["LIMIT", 1]]
  Rendering creatures/edit.html.erb within layouts/application
  Rendered creatures/edit.html.erb within layouts/application (1.4ms)
Completed 200 OK in 30ms (Views: 27.5ms | ActiveRecord: 0.2ms)


Started GET "/" for ::1 at 2016-12-19 01:00:13 -0800
Processing by CreaturesController#index as HTML
  Rendering creatures/index.html.erb within layouts/application
  [1m[36mCreature Load (0.2ms)[0m  [1m[34mSELECT "creatures".* FROM "creatures"[0m
  Rendered creatures/index.html.erb within layouts/application (2.1ms)
Completed 200 OK in 22ms (Views: 19.5ms | ActiveRecord: 0.2ms)


Started GET "/" for ::1 at 2016-12-19 01:00:15 -0800
Processing by CreaturesController#index as HTML
  Rendering creatures/index.html.erb within layouts/application
  [1m[36mCreature Load (0.3ms)[0m  [1m[34mSELECT "creatures".* FROM "creatures"[0m
  Rendered creatures/index.html.erb within layouts/application (3.0ms)
Completed 200 OK in 23ms (Views: 21.0ms | ActiveRecord: 0.3ms)


Started GET "/creatures/new" for ::1 at 2016-12-19 01:00:15 -0800
Processing by CreaturesController#new as HTML
  Rendering creatures/new.html.erb within layouts/application
  Rendered creatures/new.html.erb within layouts/application (1.7ms)
Completed 200 OK in 23ms (Views: 21.1ms | ActiveRecord: 0.0ms)


Started GET "/" for ::1 at 2016-12-19 01:00:16 -0800
Processing by CreaturesController#index as HTML
  Rendering creatures/index.html.erb within layouts/application
  [1m[36mCreature Load (0.2ms)[0m  [1m[34mSELECT "creatures".* FROM "creatures"[0m
  Rendered creatures/index.html.erb within layouts/application (2.3ms)
Completed 200 OK in 25ms (Views: 23.1ms | ActiveRecord: 0.2ms)


Started GET "/creatures/new" for ::1 at 2016-12-19 01:00:17 -0800
Processing by CreaturesController#new as HTML
  Rendering creatures/new.html.erb within layouts/application
  Rendered creatures/new.html.erb within layouts/application (1.1ms)
Completed 200 OK in 23ms (Views: 21.5ms | ActiveRecord: 0.0ms)


Started GET "/" for ::1 at 2016-12-19 01:00:17 -0800
Processing by CreaturesController#index as HTML
  Rendering creatures/index.html.erb within layouts/application
  [1m[36mCreature Load (0.3ms)[0m  [1m[34mSELECT "creatures".* FROM "creatures"[0m
  Rendered creatures/index.html.erb within layouts/application (2.6ms)
Completed 200 OK in 24ms (Views: 21.8ms | ActiveRecord: 0.3ms)


Started GET "/creatures/new" for ::1 at 2016-12-19 01:00:18 -0800
Processing by CreaturesController#new as HTML
  Rendering creatures/new.html.erb within layouts/application
  Rendered creatures/new.html.erb within layouts/application (1.5ms)
Completed 200 OK in 23ms (Views: 21.0ms | ActiveRecord: 0.0ms)


Started GET "/" for ::1 at 2016-12-19 01:00:18 -0800
Processing by CreaturesController#index as HTML
  Rendering creatures/index.html.erb within layouts/application
  [1m[36mCreature Load (0.2ms)[0m  [1m[34mSELECT "creatures".* FROM "creatures"[0m
  Rendered creatures/index.html.erb within layouts/application (2.3ms)
Completed 200 OK in 24ms (Views: 21.3ms | ActiveRecord: 0.2ms)


Started GET "/creatures/2" for ::1 at 2016-12-19 01:00:24 -0800
Processing by CreaturesController#show as HTML
  Parameters: {"id"=>"2"}
  [1m[36mCreature Load (0.3ms)[0m  [1m[34mSELECT  "creatures".* FROM "creatures" WHERE "creatures"."id" = $1 LIMIT $2[0m  [["id", 2], ["LIMIT", 1]]
  Rendering creatures/show.html.erb within layouts/application
  Rendered creatures/show.html.erb within layouts/application (0.5ms)
Completed 200 OK in 21ms (Views: 18.2ms | ActiveRecord: 0.3ms)


  
ActionController::RoutingError (No route matches [GET] "/assets/bootstrap.css.map"):
  
actionpack (5.0.0.1) lib/action_dispatch/middleware/debug_exceptions.rb:53:in `call'
web-console (3.4.0) lib/web_console/middleware.rb:135:in `call_app'
web-console (3.4.0) lib/web_console/middleware.rb:28:in `block in call'
web-console (3.4.0) lib/web_console/middleware.rb:18:in `catch'
web-console (3.4.0) lib/web_console/middleware.rb:18:in `call'
actionpack (5.0.0.1) lib/action_dispatch/middleware/show_exceptions.rb:31:in `call'
railties (5.0.0.1) lib/rails/rack/logger.rb:36:in `call_app'
railties (5.0.0.1) lib/rails/rack/logger.rb:24:in `block in call'
activesupport (5.0.0.1) lib/active_support/tagged_logging.rb:70:in `block in tagged'
activesupport (5.0.0.1) lib/active_support/tagged_logging.rb:26:in `tagged'
activesupport (5.0.0.1) lib/active_support/tagged_logging.rb:70:in `tagged'
railties (5.0.0.1) lib/rails/rack/logger.rb:24:in `call'
sprockets-rails (3.2.0) lib/sprockets/rails/quiet_assets.rb:11:in `block in call'
activesupport (5.0.0.1) lib/active_support/logger_silence.rb:20:in `silence'
activesupport (5.0.0.1) lib/active_support/logger.rb:63:in `block (3 levels) in broadcast'
activesupport (5.0.0.1) lib/active_support/logger_silence.rb:20:in `silence'
activesupport (5.0.0.1) lib/active_support/logger.rb:61:in `block (2 levels) in broadcast'
sprockets-rails (3.2.0) lib/sprockets/rails/quiet_assets.rb:11:in `call'
actionpack (5.0.0.1) lib/action_dispatch/middleware/request_id.rb:24:in `call'
rack (2.0.1) lib/rack/method_override.rb:22:in `call'
rack (2.0.1) lib/rack/runtime.rb:22:in `call'
activesupport (5.0.0.1) lib/active_support/cache/strategy/local_cache_middleware.rb:28:in `call'
actionpack (5.0.0.1) lib/action_dispatch/middleware/executor.rb:12:in `call'
actionpack (5.0.0.1) lib/action_dispatch/middleware/static.rb:136:in `call'
rack (2.0.1) lib/rack/sendfile.rb:111:in `call'
railties (5.0.0.1) lib/rails/engine.rb:522:in `call'
puma (3.6.2) lib/puma/configuration.rb:225:in `call'
puma (3.6.2) lib/puma/server.rb:578:in `handle_request'
puma (3.6.2) lib/puma/server.rb:415:in `process_client'
puma (3.6.2) lib/puma/server.rb:275:in `block in run'
puma (3.6.2) lib/puma/thread_pool.rb:116:in `block in spawn_thread'
Started GET "/creatures/2" for ::1 at 2016-12-19 01:02:09 -0800
Processing by CreaturesController#show as HTML
  Parameters: {"id"=>"2"}
  [1m[36mCreature Load (0.2ms)[0m  [1m[34mSELECT  "creatures".* FROM "creatures" WHERE "creatures"."id" = $1 LIMIT $2[0m  [["id", 2], ["LIMIT", 1]]
  Rendering creatures/show.html.erb within layouts/application
  Rendered creatures/show.html.erb within layouts/application (0.6ms)
Completed 200 OK in 30ms (Views: 27.3ms | ActiveRecord: 0.2ms)


Started GET "/" for ::1 at 2016-12-19 01:02:13 -0800
Processing by CreaturesController#index as HTML
  Rendering creatures/index.html.erb within layouts/application
  [1m[36mCreature Load (0.2ms)[0m  [1m[34mSELECT "creatures".* FROM "creatures"[0m
  Rendered creatures/index.html.erb within layouts/application (2.0ms)
Completed 200 OK in 23ms (Views: 21.0ms | ActiveRecord: 0.2ms)


Started GET "/creatures/new" for ::1 at 2016-12-19 01:02:14 -0800
Processing by CreaturesController#new as HTML
  Rendering creatures/new.html.erb within layouts/application
  Rendered creatures/new.html.erb within layouts/application (1.4ms)
Completed 200 OK in 24ms (Views: 22.0ms | ActiveRecord: 0.0ms)


Started GET "/" for ::1 at 2016-12-19 01:02:15 -0800
Processing by CreaturesController#index as HTML
  Rendering creatures/index.html.erb within layouts/application
  [1m[36mCreature Load (0.2ms)[0m  [1m[34mSELECT "creatures".* FROM "creatures"[0m
  Rendered creatures/index.html.erb within layouts/application (2.2ms)
Completed 200 OK in 26ms (Views: 22.7ms | ActiveRecord: 0.2ms)


Started GET "/creatures/2" for ::1 at 2016-12-19 01:02:16 -0800
Processing by CreaturesController#show as HTML
  Parameters: {"id"=>"2"}
  [1m[36mCreature Load (0.2ms)[0m  [1m[34mSELECT  "creatures".* FROM "creatures" WHERE "creatures"."id" = $1 LIMIT $2[0m  [["id", 2], ["LIMIT", 1]]
  Rendering creatures/show.html.erb within layouts/application
  Rendered creatures/show.html.erb within layouts/application (0.7ms)
Completed 200 OK in 30ms (Views: 27.5ms | ActiveRecord: 0.2ms)


Started GET "/creatures" for ::1 at 2016-12-19 01:02:30 -0800
Processing by CreaturesController#index as HTML
  Rendering creatures/index.html.erb within layouts/application
  [1m[36mCreature Load (0.3ms)[0m  [1m[34mSELECT "creatures".* FROM "creatures"[0m
  Rendered creatures/index.html.erb within layouts/application (3.9ms)
Completed 200 OK in 32ms (Views: 30.3ms | ActiveRecord: 0.3ms)


Started GET "/creatures/3" for ::1 at 2016-12-19 01:02:38 -0800
Processing by CreaturesController#show as HTML
  Parameters: {"id"=>"3"}
  [1m[36mCreature Load (0.2ms)[0m  [1m[34mSELECT  "creatures".* FROM "creatures" WHERE "creatures"."id" = $1 LIMIT $2[0m  [["id", 3], ["LIMIT", 1]]
  Rendering creatures/show.html.erb within layouts/application
  Rendered creatures/show.html.erb within layouts/application (1.2ms)
Completed 200 OK in 31ms (Views: 28.7ms | ActiveRecord: 0.2ms)


Started GET "/creatures" for ::1 at 2016-12-19 01:02:39 -0800
Processing by CreaturesController#index as HTML
  Rendering creatures/index.html.erb within layouts/application
  [1m[36mCreature Load (0.3ms)[0m  [1m[34mSELECT "creatures".* FROM "creatures"[0m
  Rendered creatures/index.html.erb within layouts/application (3.6ms)
Completed 200 OK in 39ms (Views: 37.3ms | ActiveRecord: 0.3ms)


Started GET "/creatures" for ::1 at 2016-12-19 01:03:06 -0800
Processing by CreaturesController#index as HTML
  Rendering creatures/index.html.erb within layouts/application
  [1m[36mCreature Load (0.2ms)[0m  [1m[34mSELECT "creatures".* FROM "creatures"[0m
  Rendered creatures/index.html.erb within layouts/application (9.0ms)
Completed 200 OK in 80ms (Views: 77.6ms | ActiveRecord: 0.2ms)


Started GET "/" for ::1 at 2016-12-19 01:03:14 -0800
Processing by CreaturesController#index as HTML
  Rendering creatures/index.html.erb within layouts/application
  [1m[36mCreature Load (0.4ms)[0m  [1m[34mSELECT "creatures".* FROM "creatures"[0m
  Rendered creatures/index.html.erb within layouts/application (3.0ms)
Completed 200 OK in 22ms (Views: 19.9ms | ActiveRecord: 0.4ms)


Started GET "/" for ::1 at 2016-12-19 01:03:41 -0800
Processing by CreaturesController#index as HTML
  Rendering creatures/index.html.erb within layouts/application
  [1m[36mCreature Load (0.2ms)[0m  [1m[34mSELECT "creatures".* FROM "creatures"[0m
  Rendered creatures/index.html.erb within layouts/application (2.0ms)
Completed 500 Internal Server Error in 224ms (ActiveRecord: 0.2ms)


  
ActionView::Template::Error (SyntaxError: [stdin]:4:19: reserved word 'function'):
     5:     <%= csrf_meta_tags %>
     6: 
     7:     <%= stylesheet_link_tag    'application', media: 'all', 'data-turbolinks-track': 'reload' %>
     8:     <%= javascript_include_tag 'application', 'data-turbolinks-track': 'reload' %>
     9:   </head>
    10: 
    11:   <body>
  
app/views/layouts/application.html.erb:8:in `_app_views_layouts_application_html_erb__440873579024033590_70131923251340'
  Rendering /Users/vladyslavkuliani/.rvm/gems/ruby-2.3.0/gems/actionpack-5.0.0.1/lib/action_dispatch/middleware/templates/rescues/template_error.html.erb within rescues/layout
  Rendering /Users/vladyslavkuliani/.rvm/gems/ruby-2.3.0/gems/actionpack-5.0.0.1/lib/action_dispatch/middleware/templates/rescues/_source.html.erb
  Rendered /Users/vladyslavkuliani/.rvm/gems/ruby-2.3.0/gems/actionpack-5.0.0.1/lib/action_dispatch/middleware/templates/rescues/_source.html.erb (5.0ms)
  Rendering /Users/vladyslavkuliani/.rvm/gems/ruby-2.3.0/gems/actionpack-5.0.0.1/lib/action_dispatch/middleware/templates/rescues/_trace.html.erb
  Rendered /Users/vladyslavkuliani/.rvm/gems/ruby-2.3.0/gems/actionpack-5.0.0.1/lib/action_dispatch/middleware/templates/rescues/_trace.html.erb (2.1ms)
  Rendering /Users/vladyslavkuliani/.rvm/gems/ruby-2.3.0/gems/actionpack-5.0.0.1/lib/action_dispatch/middleware/templates/rescues/_request_and_response.html.erb
  Rendered /Users/vladyslavkuliani/.rvm/gems/ruby-2.3.0/gems/actionpack-5.0.0.1/lib/action_dispatch/middleware/templates/rescues/_request_and_response.html.erb (0.7ms)
  Rendered /Users/vladyslavkuliani/.rvm/gems/ruby-2.3.0/gems/actionpack-5.0.0.1/lib/action_dispatch/middleware/templates/rescues/template_error.html.erb within rescues/layout (61.6ms)
Started GET "/" for ::1 at 2016-12-19 01:04:09 -0800
Processing by CreaturesController#index as HTML
  Rendering creatures/index.html.erb within layouts/application
  [1m[36mCreature Load (0.2ms)[0m  [1m[34mSELECT "creatures".* FROM "creatures"[0m
  Rendered creatures/index.html.erb within layouts/application (2.1ms)
Completed 200 OK in 22ms (Views: 19.7ms | ActiveRecord: 0.2ms)


Started GET "/creatures/new" for ::1 at 2016-12-19 01:04:11 -0800
Processing by CreaturesController#new as HTML
  Rendering creatures/new.html.erb within layouts/application
  Rendered creatures/new.html.erb within layouts/application (2.5ms)
Completed 200 OK in 24ms (Views: 21.7ms | ActiveRecord: 0.0ms)


Started GET "/" for ::1 at 2016-12-19 01:04:12 -0800
Processing by CreaturesController#index as HTML
  Rendering creatures/index.html.erb within layouts/application
  [1m[36mCreature Load (0.3ms)[0m  [1m[34mSELECT "creatures".* FROM "creatures"[0m
  Rendered creatures/index.html.erb within layouts/application (2.9ms)
Completed 200 OK in 23ms (Views: 20.8ms | ActiveRecord: 0.3ms)


Started GET "/creatures/3" for ::1 at 2016-12-19 01:04:32 -0800
Processing by CreaturesController#show as HTML
  Parameters: {"id"=>"3"}
  [1m[36mCreature Load (0.3ms)[0m  [1m[34mSELECT  "creatures".* FROM "creatures" WHERE "creatures"."id" = $1 LIMIT $2[0m  [["id", 3], ["LIMIT", 1]]
  Rendering creatures/show.html.erb within layouts/application
  Rendered creatures/show.html.erb within layouts/application (1.1ms)
Completed 200 OK in 39ms (Views: 33.0ms | ActiveRecord: 0.3ms)


Started GET "/creatures" for ::1 at 2016-12-19 01:04:33 -0800
Processing by CreaturesController#index as HTML
  Rendering creatures/index.html.erb within layouts/application
  [1m[36mCreature Load (0.3ms)[0m  [1m[34mSELECT "creatures".* FROM "creatures"[0m
  Rendered creatures/index.html.erb within layouts/application (2.9ms)
Completed 200 OK in 30ms (Views: 28.0ms | ActiveRecord: 0.3ms)


Started GET "/creatures/2" for ::1 at 2016-12-19 01:04:35 -0800
Processing by CreaturesController#show as HTML
  Parameters: {"id"=>"2"}
  [1m[36mCreature Load (0.3ms)[0m  [1m[34mSELECT  "creatures".* FROM "creatures" WHERE "creatures"."id" = $1 LIMIT $2[0m  [["id", 2], ["LIMIT", 1]]
  Rendering creatures/show.html.erb within layouts/application
  Rendered creatures/show.html.erb within layouts/application (3.2ms)
Completed 200 OK in 32ms (Views: 26.0ms | ActiveRecord: 0.3ms)


Started GET "/creatures/2/edit" for ::1 at 2016-12-19 01:04:36 -0800
Processing by CreaturesController#edit as HTML
  Parameters: {"id"=>"2"}
  [1m[36mCreature Load (0.2ms)[0m  [1m[34mSELECT  "creatures".* FROM "creatures" WHERE "creatures"."id" = $1 LIMIT $2[0m  [["id", 2], ["LIMIT", 1]]
  Rendering creatures/edit.html.erb within layouts/application
  Rendered creatures/edit.html.erb within layouts/application (1.6ms)
Completed 200 OK in 30ms (Views: 26.5ms | ActiveRecord: 0.2ms)


Started GET "/creatures/2/edit" for ::1 at 2016-12-19 01:10:55 -0800
Processing by CreaturesController#edit as HTML
  Parameters: {"id"=>"2"}
  [1m[36mCreature Load (0.2ms)[0m  [1m[34mSELECT  "creatures".* FROM "creatures" WHERE "creatures"."id" = $1 LIMIT $2[0m  [["id", 2], ["LIMIT", 1]]
  Rendering creatures/edit.html.erb within layouts/application
  Rendered creatures/edit.html.erb within layouts/application (1.0ms)
Completed 200 OK in 21ms (Views: 18.7ms | ActiveRecord: 0.2ms)


Started PATCH "/creatures/2" for ::1 at 2016-12-19 01:11:05 -0800
Processing by CreaturesController#update as HTML
  Parameters: {"utf8"=>"✓", "authenticity_token"=>"vCfQk2IYmTq3PS8MNQLmk2MXSDbE5HAGCbRAm7SC+cdY0eaW3Rgm/RzNc4uxjEi6dZjRVuJWVXetyCU3cbic1g==", "creature"=>{"name"=>"Luke", "description"=>"Jedi"}, "commit"=>"Save creature", "id"=>"2"}
  [1m[36mCreature Load (0.2ms)[0m  [1m[34mSELECT  "creatures".* FROM "creatures" WHERE "creatures"."id" = $1 LIMIT $2[0m  [["id", 2], ["LIMIT", 1]]
  [1m[35m (0.1ms)[0m  [1m[35mBEGIN[0m
  [1m[35m (0.2ms)[0m  [1m[35mCOMMIT[0m
Redirected to http://localhost:3000/creatures/2
Completed 302 Found in 4ms (ActiveRecord: 0.6ms)


Started GET "/creatures/2" for ::1 at 2016-12-19 01:11:05 -0800
Processing by CreaturesController#show as HTML
  Parameters: {"id"=>"2"}
  [1m[36mCreature Load (0.3ms)[0m  [1m[34mSELECT  "creatures".* FROM "creatures" WHERE "creatures"."id" = $1 LIMIT $2[0m  [["id", 2], ["LIMIT", 1]]
  Rendering creatures/show.html.erb within layouts/application
  Rendered creatures/show.html.erb within layouts/application (0.7ms)
Completed 200 OK in 31ms (Views: 26.2ms | ActiveRecord: 0.3ms)


Started GET "/creatures" for ::1 at 2016-12-19 01:11:06 -0800
Processing by CreaturesController#index as HTML
  Rendering creatures/index.html.erb within layouts/application
  [1m[36mCreature Load (0.3ms)[0m  [1m[34mSELECT "creatures".* FROM "creatures"[0m
  Rendered creatures/index.html.erb within layouts/application (2.8ms)
Completed 200 OK in 31ms (Views: 29.2ms | ActiveRecord: 0.3ms)


Started GET "/creatures/2" for ::1 at 2016-12-19 01:18:09 -0800
Processing by CreaturesController#show as HTML
  Parameters: {"id"=>"2"}
  [1m[36mCreature Load (0.4ms)[0m  [1m[34mSELECT  "creatures".* FROM "creatures" WHERE "creatures"."id" = $1 LIMIT $2[0m  [["id", 2], ["LIMIT", 1]]
  Rendering creatures/show.html.erb within layouts/application
  Rendered creatures/show.html.erb within layouts/application (0.9ms)
Completed 200 OK in 32ms (Views: 28.6ms | ActiveRecord: 0.4ms)


Started GET "/creatures" for ::1 at 2016-12-19 01:18:11 -0800
Processing by CreaturesController#index as HTML
  Rendering creatures/index.html.erb within layouts/application
  [1m[36mCreature Load (0.4ms)[0m  [1m[34mSELECT "creatures".* FROM "creatures"[0m
  Rendered creatures/index.html.erb within layouts/application (3.5ms)
Completed 200 OK in 36ms (Views: 33.6ms | ActiveRecord: 0.4ms)


Started GET "/" for ::1 at 2016-12-19 01:19:22 -0800
Processing by CreaturesController#index as HTML
  Rendering creatures/index.html.erb within layouts/application
  [1m[36mCreature Load (0.3ms)[0m  [1m[34mSELECT "creatures".* FROM "creatures"[0m
  Rendered creatures/index.html.erb within layouts/application (2.3ms)
Completed 200 OK in 98ms (Views: 95.2ms | ActiveRecord: 0.3ms)


Started GET "/creatures/2" for ::1 at 2016-12-19 01:19:24 -0800
Processing by CreaturesController#show as HTML
  Parameters: {"id"=>"2"}
  [1m[36mCreature Load (0.2ms)[0m  [1m[34mSELECT  "creatures".* FROM "creatures" WHERE "creatures"."id" = $1 LIMIT $2[0m  [["id", 2], ["LIMIT", 1]]
  Rendering creatures/show.html.erb within layouts/application
  Rendered creatures/show.html.erb within layouts/application (1.4ms)
Completed 200 OK in 39ms (Views: 36.4ms | ActiveRecord: 0.2ms)


Started GET "/creatures" for ::1 at 2016-12-19 01:19:28 -0800
Processing by CreaturesController#index as HTML
  Rendering creatures/index.html.erb within layouts/application
  [1m[36mCreature Load (0.3ms)[0m  [1m[34mSELECT "creatures".* FROM "creatures"[0m
  Rendered creatures/index.html.erb within layouts/application (3.9ms)
Completed 200 OK in 40ms (Views: 38.1ms | ActiveRecord: 0.3ms)


Started GET "/creatures/1" for ::1 at 2016-12-19 01:19:51 -0800
Processing by CreaturesController#show as HTML
  Parameters: {"id"=>"1"}
  [1m[36mCreature Load (0.3ms)[0m  [1m[34mSELECT  "creatures".* FROM "creatures" WHERE "creatures"."id" = $1 LIMIT $2[0m  [["id", 1], ["LIMIT", 1]]
  Rendering creatures/show.html.erb within layouts/application
  Rendered creatures/show.html.erb within layouts/application (1.2ms)
Completed 200 OK in 38ms (Views: 33.6ms | ActiveRecord: 0.3ms)


Started GET "/creatures/1" for ::1 at 2016-12-19 01:19:51 -0800
Processing by CreaturesController#show as HTML
  Parameters: {"id"=>"1"}
  [1m[36mCreature Load (0.2ms)[0m  [1m[34mSELECT  "creatures".* FROM "creatures" WHERE "creatures"."id" = $1 LIMIT $2[0m  [["id", 1], ["LIMIT", 1]]
  Rendering creatures/show.html.erb within layouts/application
  Rendered creatures/show.html.erb within layouts/application (0.7ms)
Completed 200 OK in 24ms (Views: 21.3ms | ActiveRecord: 0.2ms)


Started GET "/creatures" for ::1 at 2016-12-19 01:19:55 -0800
Processing by CreaturesController#index as HTML
  Rendering creatures/index.html.erb within layouts/application
  [1m[36mCreature Load (0.4ms)[0m  [1m[34mSELECT "creatures".* FROM "creatures"[0m
  Rendered creatures/index.html.erb within layouts/application (7.4ms)
Completed 200 OK in 49ms (Views: 46.3ms | ActiveRecord: 0.4ms)


Started GET "/creatures/2" for ::1 at 2016-12-19 01:26:08 -0800
  
LoadError (cannot load such file -- /Users/vladyslavkuliani/wdi/Week8/rails_bog_app/bog_app/config/routes.rb):
  
activesupport (5.0.0.1) lib/active_support/dependencies.rb:287:in `load'
activesupport (5.0.0.1) lib/active_support/dependencies.rb:287:in `block in load'
activesupport (5.0.0.1) lib/active_support/dependencies.rb:259:in `load_dependency'
activesupport (5.0.0.1) lib/active_support/dependencies.rb:287:in `load'
railties (5.0.0.1) lib/rails/application/routes_reloader.rb:40:in `block in load_paths'
railties (5.0.0.1) lib/rails/application/routes_reloader.rb:40:in `each'
railties (5.0.0.1) lib/rails/application/routes_reloader.rb:40:in `load_paths'
railties (5.0.0.1) lib/rails/application/routes_reloader.rb:16:in `reload!'
railties (5.0.0.1) lib/rails/application/routes_reloader.rb:26:in `block in updater'
activesupport (5.0.0.1) lib/active_support/file_update_checker.rb:77:in `execute'
railties (5.0.0.1) lib/rails/application/routes_reloader.rb:7:in `execute'
railties (5.0.0.1) lib/rails/application/finisher.rb:132:in `block (2 levels) in <module:Finisher>'
activesupport (5.0.0.1) lib/active_support/callbacks.rb:396:in `instance_exec'
activesupport (5.0.0.1) lib/active_support/callbacks.rb:396:in `block in make_lambda'
activesupport (5.0.0.1) lib/active_support/callbacks.rb:169:in `block (2 levels) in halting'
activesupport (5.0.0.1) lib/active_support/callbacks.rb:547:in `block (2 levels) in default_terminator'
activesupport (5.0.0.1) lib/active_support/callbacks.rb:546:in `catch'
activesupport (5.0.0.1) lib/active_support/callbacks.rb:546:in `block in default_terminator'
activesupport (5.0.0.1) lib/active_support/callbacks.rb:170:in `block in halting'
activesupport (5.0.0.1) lib/active_support/callbacks.rb:454:in `block in call'
activesupport (5.0.0.1) lib/active_support/callbacks.rb:454:in `each'
activesupport (5.0.0.1) lib/active_support/callbacks.rb:454:in `call'
activesupport (5.0.0.1) lib/active_support/callbacks.rb:101:in `__run_callbacks__'
activesupport (5.0.0.1) lib/active_support/callbacks.rb:750:in `_run_run_callbacks'
activesupport (5.0.0.1) lib/active_support/callbacks.rb:90:in `run_callbacks'
activesupport (5.0.0.1) lib/active_support/execution_wrapper.rb:99:in `run!'
activesupport (5.0.0.1) lib/active_support/reloader.rb:113:in `run!'
activesupport (5.0.0.1) lib/active_support/execution_wrapper.rb:61:in `block in run!'
activesupport (5.0.0.1) lib/active_support/execution_wrapper.rb:58:in `tap'
activesupport (5.0.0.1) lib/active_support/execution_wrapper.rb:58:in `run!'
activesupport (5.0.0.1) lib/active_support/reloader.rb:59:in `run!'
actionpack (5.0.0.1) lib/action_dispatch/middleware/executor.rb:10:in `call'
actionpack (5.0.0.1) lib/action_dispatch/middleware/remote_ip.rb:79:in `call'
actionpack (5.0.0.1) lib/action_dispatch/middleware/debug_exceptions.rb:49:in `call'
web-console (3.4.0) lib/web_console/middleware.rb:135:in `call_app'
web-console (3.4.0) lib/web_console/middleware.rb:28:in `block in call'
web-console (3.4.0) lib/web_console/middleware.rb:18:in `catch'
web-console (3.4.0) lib/web_console/middleware.rb:18:in `call'
actionpack (5.0.0.1) lib/action_dispatch/middleware/show_exceptions.rb:31:in `call'
railties (5.0.0.1) lib/rails/rack/logger.rb:36:in `call_app'
railties (5.0.0.1) lib/rails/rack/logger.rb:24:in `block in call'
activesupport (5.0.0.1) lib/active_support/tagged_logging.rb:70:in `block in tagged'
activesupport (5.0.0.1) lib/active_support/tagged_logging.rb:26:in `tagged'
activesupport (5.0.0.1) lib/active_support/tagged_logging.rb:70:in `tagged'
railties (5.0.0.1) lib/rails/rack/logger.rb:24:in `call'
sprockets-rails (3.2.0) lib/sprockets/rails/quiet_assets.rb:13:in `call'
actionpack (5.0.0.1) lib/action_dispatch/middleware/request_id.rb:24:in `call'
rack (2.0.1) lib/rack/method_override.rb:22:in `call'
rack (2.0.1) lib/rack/runtime.rb:22:in `call'
activesupport (5.0.0.1) lib/active_support/cache/strategy/local_cache_middleware.rb:28:in `call'
actionpack (5.0.0.1) lib/action_dispatch/middleware/executor.rb:12:in `call'
actionpack (5.0.0.1) lib/action_dispatch/middleware/static.rb:136:in `call'
rack (2.0.1) lib/rack/sendfile.rb:111:in `call'
railties (5.0.0.1) lib/rails/engine.rb:522:in `call'
puma (3.6.2) lib/puma/configuration.rb:225:in `call'
puma (3.6.2) lib/puma/server.rb:578:in `handle_request'
puma (3.6.2) lib/puma/server.rb:415:in `process_client'
puma (3.6.2) lib/puma/server.rb:275:in `block in run'
puma (3.6.2) lib/puma/thread_pool.rb:116:in `block in spawn_thread'
  Rendering /Users/vladyslavkuliani/.rvm/gems/ruby-2.3.0/gems/actionpack-5.0.0.1/lib/action_dispatch/middleware/templates/rescues/diagnostics.html.erb within rescues/layout
  Rendering /Users/vladyslavkuliani/.rvm/gems/ruby-2.3.0/gems/actionpack-5.0.0.1/lib/action_dispatch/middleware/templates/rescues/_source.html.erb
  Rendered /Users/vladyslavkuliani/.rvm/gems/ruby-2.3.0/gems/actionpack-5.0.0.1/lib/action_dispatch/middleware/templates/rescues/_source.html.erb (3.9ms)
  Rendering /Users/vladyslavkuliani/.rvm/gems/ruby-2.3.0/gems/actionpack-5.0.0.1/lib/action_dispatch/middleware/templates/rescues/_trace.html.erb
  Rendered /Users/vladyslavkuliani/.rvm/gems/ruby-2.3.0/gems/actionpack-5.0.0.1/lib/action_dispatch/middleware/templates/rescues/_trace.html.erb (2.3ms)
  Rendering /Users/vladyslavkuliani/.rvm/gems/ruby-2.3.0/gems/actionpack-5.0.0.1/lib/action_dispatch/middleware/templates/rescues/_request_and_response.html.erb
  Rendered /Users/vladyslavkuliani/.rvm/gems/ruby-2.3.0/gems/actionpack-5.0.0.1/lib/action_dispatch/middleware/templates/rescues/_request_and_response.html.erb (1.2ms)
  Rendered /Users/vladyslavkuliani/.rvm/gems/ruby-2.3.0/gems/actionpack-5.0.0.1/lib/action_dispatch/middleware/templates/rescues/diagnostics.html.erb within rescues/layout (67.3ms)
